<?xml version="1.0" encoding="UTF-8"?>
<testsuite xmlns:xsi="http://www.w3.org/2001/XMLSchema-instance" xsi:noNamespaceSchemaLocation="https://maven.apache.org/surefire/maven-surefire-plugin/xsd/surefire-test-report.xsd" version="3.0.2" name="com.example.internshipproject.InventoryManagementV2.InventoryManagementV2ApplicationTests" time="21.845" tests="1" errors="0" skipped="0" failures="0">
  <properties>
[...]
</properties>
  <testcase name="contextLoads" classname="com.example.internshipproject.InventoryManagementV2.InventoryManagementV2ApplicationTests" time="0.351">
    <system-out><![CDATA[23:38:02.942 [main] INFO org.springframework.test.context.support.AnnotationConfigContextLoaderUtils -- Could not detect default configuration classes for test class [com.example.internshipproject.InventoryManagementV2.InventoryManagementV2ApplicationTests]: InventoryManagementV2ApplicationTests does not declare any static, non-private, non-final, nested classes annotated with @Configuration.
23:38:03.006 [main] INFO org.springframework.boot.test.context.SpringBootTestContextBootstrapper -- Found @SpringBootConfiguration com.example.internshipproject.InventoryManagementV2.InventoryManagementV2Application for test class com.example.internshipproject.InventoryManagementV2.InventoryManagementV2ApplicationTests
23:38:03.105 [main] INFO org.springframework.boot.devtools.restart.RestartApplicationListener -- Restart disabled due to context in which it is running

  .   ____          _            __ _ _
 /\\ / ___'_ __ _ _(_)_ __  __ _ \ \ \ \
( ( )\___ | '_ | '_| | '_ \/ _` | \ \ \ \
 \\/  ___)| |_)| | | | | || (_| |  ) ) ) )
  '  |____| .__|_| |_|_| |_\__, | / / / /
 =========|_|==============|___/=/_/_/_/

 :: Spring Boot ::                (v3.4.4)

2025-04-07T23:38:03.243+05:00  WARN 81289 --- [InventoryManagementV2] [           main] ory$DuplicateJsonObjectContextCustomizer : 

Found multiple occurrences of org.json.JSONObject on the class path:

	jar:file:/Users/macbook/.m2/repository/com/vaadin/external/google/android-json/0.0.20131108.vaadin1/android-json-0.0.20131108.vaadin1.jar!/org/json/JSONObject.class
	jar:file:/Users/macbook/.m2/repository/org/json/json/20240303/json-20240303.jar!/org/json/JSONObject.class

You may wish to exclude one of them to ensure predictable runtime behavior

2025-04-07T23:38:03.252+05:00  INFO 81289 --- [InventoryManagementV2] [           main] .I.InventoryManagementV2ApplicationTests : Starting InventoryManagementV2ApplicationTests using Java 17.0.14 with PID 81289 (started by macbook in /Users/macbook/Desktop/InventoryManagementV3)
2025-04-07T23:38:03.252+05:00  INFO 81289 --- [InventoryManagementV2] [           main] .I.InventoryManagementV2ApplicationTests : No active profile set, falling back to 1 default profile: "default"
2025-04-07T23:38:03.577+05:00  INFO 81289 --- [InventoryManagementV2] [           main] .s.d.r.c.RepositoryConfigurationDelegate : Multiple Spring Data modules found, entering strict repository configuration mode
2025-04-07T23:38:03.577+05:00  INFO 81289 --- [InventoryManagementV2] [           main] .s.d.r.c.RepositoryConfigurationDelegate : Bootstrapping Spring Data JPA repositories in DEFAULT mode.
2025-04-07T23:38:03.657+05:00  INFO 81289 --- [InventoryManagementV2] [           main] .s.d.r.c.RepositoryConfigurationDelegate : Finished Spring Data repository scanning in 73 ms. Found 5 JPA repository interfaces.
2025-04-07T23:38:03.842+05:00  INFO 81289 --- [InventoryManagementV2] [           main] .s.d.r.c.RepositoryConfigurationDelegate : Multiple Spring Data modules found, entering strict repository configuration mode
2025-04-07T23:38:03.842+05:00  INFO 81289 --- [InventoryManagementV2] [           main] .s.d.r.c.RepositoryConfigurationDelegate : Bootstrapping Spring Data Redis repositories in DEFAULT mode.
2025-04-07T23:38:03.854+05:00  INFO 81289 --- [InventoryManagementV2] [           main] .RepositoryConfigurationExtensionSupport : Spring Data Redis - Could not safely identify store assignment for repository candidate interface com.example.internshipproject.InventoryManagementV2.repositories.InventoryRepository; If you want this repository to be a Redis repository, consider annotating your entities with one of these annotations: org.springframework.data.redis.core.RedisHash (preferred), or consider extending one of the following types with your repository: org.springframework.data.keyvalue.repository.KeyValueRepository
2025-04-07T23:38:03.855+05:00  INFO 81289 --- [InventoryManagementV2] [           main] .RepositoryConfigurationExtensionSupport : Spring Data Redis - Could not safely identify store assignment for repository candidate interface com.example.internshipproject.InventoryManagementV2.repositories.ProductRepository; If you want this repository to be a Redis repository, consider annotating your entities with one of these annotations: org.springframework.data.redis.core.RedisHash (preferred), or consider extending one of the following types with your repository: org.springframework.data.keyvalue.repository.KeyValueRepository
2025-04-07T23:38:03.855+05:00  INFO 81289 --- [InventoryManagementV2] [           main] .RepositoryConfigurationExtensionSupport : Spring Data Redis - Could not safely identify store assignment for repository candidate interface com.example.internshipproject.InventoryManagementV2.repositories.StockMovementRepository; If you want this repository to be a Redis repository, consider annotating your entities with one of these annotations: org.springframework.data.redis.core.RedisHash (preferred), or consider extending one of the following types with your repository: org.springframework.data.keyvalue.repository.KeyValueRepository
2025-04-07T23:38:03.855+05:00  INFO 81289 --- [InventoryManagementV2] [           main] .RepositoryConfigurationExtensionSupport : Spring Data Redis - Could not safely identify store assignment for repository candidate interface com.example.internshipproject.InventoryManagementV2.repositories.StoreRepository; If you want this repository to be a Redis repository, consider annotating your entities with one of these annotations: org.springframework.data.redis.core.RedisHash (preferred), or consider extending one of the following types with your repository: org.springframework.data.keyvalue.repository.KeyValueRepository
2025-04-07T23:38:03.855+05:00  INFO 81289 --- [InventoryManagementV2] [           main] .RepositoryConfigurationExtensionSupport : Spring Data Redis - Could not safely identify store assignment for repository candidate interface com.example.internshipproject.InventoryManagementV2.repositories.UserRepository; If you want this repository to be a Redis repository, consider annotating your entities with one of these annotations: org.springframework.data.redis.core.RedisHash (preferred), or consider extending one of the following types with your repository: org.springframework.data.keyvalue.repository.KeyValueRepository
2025-04-07T23:38:03.855+05:00  INFO 81289 --- [InventoryManagementV2] [           main] .s.d.r.c.RepositoryConfigurationDelegate : Finished Spring Data repository scanning in 8 ms. Found 0 Redis repository interfaces.
2025-04-07T23:38:04.284+05:00  INFO 81289 --- [InventoryManagementV2] [           main] c.e.i.I.config.DataSourceConfig          : Master DB URL: jdbc:sqlserver://192.168.18.130:1434;databaseName=revenueradar_inventory_management_springboot;encrypt=true;trustServerCertificate=true
2025-04-07T23:38:04.284+05:00  INFO 81289 --- [InventoryManagementV2] [           main] c.e.i.I.config.DataSourceConfig          : Master DB Username: sa
2025-04-07T23:38:04.359+05:00  INFO 81289 --- [InventoryManagementV2] [           main] c.e.i.I.config.DataSourceConfig          : Slave DB URL: jdbc:sqlserver://192.168.18.130:1434;databaseName=revenueradar_inventory_management_springboot_replica;encrypt=true;trustServerCertificate=true
2025-04-07T23:38:04.359+05:00  INFO 81289 --- [InventoryManagementV2] [           main] c.e.i.I.config.DataSourceConfig          : Slave DB Username: sa
2025-04-07T23:38:04.389+05:00 DEBUG 81289 --- [InventoryManagementV2] [           main] j.LocalContainerEntityManagerFactoryBean : Building JPA container EntityManagerFactory for persistence unit 'default'
2025-04-07T23:38:04.398+05:00 DEBUG 81289 --- [InventoryManagementV2] [           main] o.hibernate.jpa.internal.util.LogHelper  : PersistenceUnitInfo [
	name: default
	persistence provider classname: null
	classloader: jdk.internal.loader.ClassLoaders$AppClassLoader@42110406
	excludeUnlistedClasses: true
	JTA datasource: null
	Non JTA datasource: org.springframework.jdbc.datasource.LazyConnectionDataSourceProxy@489f62a3
	Transaction type: RESOURCE_LOCAL
	PU root URL: file:/Users/macbook/Desktop/InventoryManagementV3/target/test-classes/
	Shared Cache Mode: UNSPECIFIED
	Validation Mode: AUTO
	Jar files URLs []
	Managed classes names [
		com.example.internshipproject.InventoryManagementV2.entities.Inventory
		com.example.internshipproject.InventoryManagementV2.entities.Product
		com.example.internshipproject.InventoryManagementV2.entities.StockMovement
		com.example.internshipproject.InventoryManagementV2.entities.Store
		com.example.internshipproject.InventoryManagementV2.entities.UserEntity]
	Mapping files names []
	Properties []
2025-04-07T23:38:04.412+05:00 DEBUG 81289 --- [InventoryManagementV2] [           main] o.h.i.internal.IntegratorServiceImpl     : Adding Integrator [org.hibernate.boot.beanvalidation.BeanValidationIntegrator].
2025-04-07T23:38:04.413+05:00 DEBUG 81289 --- [InventoryManagementV2] [           main] o.h.i.internal.IntegratorServiceImpl     : Adding Integrator [org.hibernate.cache.internal.CollectionCacheInvalidator].
2025-04-07T23:38:04.415+05:00 DEBUG 81289 --- [InventoryManagementV2] [           main] o.h.i.internal.IntegratorServiceImpl     : Adding Integrator [org.hibernate.search.mapper.orm.bootstrap.impl.HibernateSearchIntegrator].
2025-04-07T23:38:04.437+05:00  INFO 81289 --- [InventoryManagementV2] [           main] org.hibernate.Version                    : HHH000412: Hibernate ORM core version 6.2.7.Final
2025-04-07T23:38:04.438+05:00 DEBUG 81289 --- [InventoryManagementV2] [           main] org.hibernate.cfg.Environment            : HHH000206: hibernate.properties not found
2025-04-07T23:38:04.438+05:00  INFO 81289 --- [InventoryManagementV2] [           main] org.hibernate.cfg.Environment            : HHH000406: Using bytecode reflection optimizer
2025-04-07T23:38:04.446+05:00 DEBUG 81289 --- [InventoryManagementV2] [           main] o.hibernate.service.spi.ServiceBinding   : Overriding existing service binding [org.hibernate.search.mapper.orm.mapping.impl.HibernateSearchContextProviderService]
2025-04-07T23:38:04.462+05:00 DEBUG 81289 --- [InventoryManagementV2] [           main] org.hibernate.orm.idgen.factory          : Registering IdentifierGenerator strategy [uuid2] -> [org.hibernate.id.UUIDGenerator]
2025-04-07T23:38:04.462+05:00 DEBUG 81289 --- [InventoryManagementV2] [           main] org.hibernate.orm.idgen.factory          : Registering IdentifierGenerator strategy [guid] -> [org.hibernate.id.GUIDGenerator]
2025-04-07T23:38:04.463+05:00 DEBUG 81289 --- [InventoryManagementV2] [           main] org.hibernate.orm.idgen.factory          : Registering IdentifierGenerator strategy [uuid] -> [org.hibernate.id.UUIDHexGenerator]
2025-04-07T23:38:04.463+05:00 DEBUG 81289 --- [InventoryManagementV2] [           main] org.hibernate.orm.idgen.factory          : Registering IdentifierGenerator strategy [uuid.hex] -> [org.hibernate.id.UUIDHexGenerator]
2025-04-07T23:38:04.463+05:00 DEBUG 81289 --- [InventoryManagementV2] [           main] org.hibernate.orm.idgen.factory          : Registering IdentifierGenerator strategy [assigned] -> [org.hibernate.id.Assigned]
2025-04-07T23:38:04.464+05:00 DEBUG 81289 --- [InventoryManagementV2] [           main] org.hibernate.orm.idgen.factory          : Registering IdentifierGenerator strategy [identity] -> [org.hibernate.id.IdentityGenerator]
2025-04-07T23:38:04.464+05:00 DEBUG 81289 --- [InventoryManagementV2] [           main] org.hibernate.orm.idgen.factory          : Registering IdentifierGenerator strategy [select] -> [org.hibernate.id.SelectGenerator]
2025-04-07T23:38:04.465+05:00 DEBUG 81289 --- [InventoryManagementV2] [           main] org.hibernate.orm.idgen.factory          : Registering IdentifierGenerator strategy [sequence] -> [org.hibernate.id.enhanced.SequenceStyleGenerator]
2025-04-07T23:38:04.465+05:00 DEBUG 81289 --- [InventoryManagementV2] [           main] org.hibernate.orm.idgen.factory          : Registering IdentifierGenerator strategy [increment] -> [org.hibernate.id.IncrementGenerator]
2025-04-07T23:38:04.465+05:00 DEBUG 81289 --- [InventoryManagementV2] [           main] org.hibernate.orm.idgen.factory          : Registering IdentifierGenerator strategy [foreign] -> [org.hibernate.id.ForeignGenerator]
2025-04-07T23:38:04.465+05:00 DEBUG 81289 --- [InventoryManagementV2] [           main] org.hibernate.orm.idgen.factory          : Registering IdentifierGenerator strategy [enhanced-sequence] -> [org.hibernate.id.enhanced.SequenceStyleGenerator]
2025-04-07T23:38:04.466+05:00 DEBUG 81289 --- [InventoryManagementV2] [           main] org.hibernate.orm.idgen.factory          : Registering IdentifierGenerator strategy [enhanced-table] -> [org.hibernate.id.enhanced.TableGenerator]
2025-04-07T23:38:04.469+05:00 DEBUG 81289 --- [InventoryManagementV2] [           main] o.h.c.internal.RegionFactoryInitiator    : Cannot default RegionFactory based on registered strategies as `[]` RegionFactory strategies were registered
2025-04-07T23:38:04.469+05:00 DEBUG 81289 --- [InventoryManagementV2] [           main] o.h.c.internal.RegionFactoryInitiator    : Cache region factory : org.hibernate.cache.internal.NoCachingRegionFactory
2025-04-07T23:38:04.503+05:00 DEBUG 81289 --- [InventoryManagementV2] [           main] org.hibernate.type.BasicTypeRegistry     : Adding type registration boolean -> org.hibernate.type.BasicTypeReference@52f43225
2025-04-07T23:38:04.503+05:00 DEBUG 81289 --- [InventoryManagementV2] [           main] org.hibernate.type.BasicTypeRegistry     : Adding type registration boolean -> org.hibernate.type.BasicTypeReference@52f43225
2025-04-07T23:38:04.503+05:00 DEBUG 81289 --- [InventoryManagementV2] [           main] org.hibernate.type.BasicTypeRegistry     : Adding type registration java.lang.Boolean -> org.hibernate.type.BasicTypeReference@52f43225
2025-04-07T23:38:04.503+05:00 DEBUG 81289 --- [InventoryManagementV2] [           main] org.hibernate.type.BasicTypeRegistry     : Adding type registration numeric_boolean -> org.hibernate.type.BasicTypeReference@55d1f065
2025-04-07T23:38:04.503+05:00 DEBUG 81289 --- [InventoryManagementV2] [           main] org.hibernate.type.BasicTypeRegistry     : Adding type registration org.hibernate.type.NumericBooleanConverter -> org.hibernate.type.BasicTypeReference@55d1f065
2025-04-07T23:38:04.503+05:00 DEBUG 81289 --- [InventoryManagementV2] [           main] org.hibernate.type.BasicTypeRegistry     : Adding type registration true_false -> org.hibernate.type.BasicTypeReference@f9a5e3f
2025-04-07T23:38:04.503+05:00 DEBUG 81289 --- [InventoryManagementV2] [           main] org.hibernate.type.BasicTypeRegistry     : Adding type registration org.hibernate.type.TrueFalseConverter -> org.hibernate.type.BasicTypeReference@f9a5e3f
2025-04-07T23:38:04.503+05:00 DEBUG 81289 --- [InventoryManagementV2] [           main] org.hibernate.type.BasicTypeRegistry     : Adding type registration yes_no -> org.hibernate.type.BasicTypeReference@4aac81ca
2025-04-07T23:38:04.503+05:00 DEBUG 81289 --- [InventoryManagementV2] [           main] org.hibernate.type.BasicTypeRegistry     : Adding type registration org.hibernate.type.YesNoConverter -> org.hibernate.type.BasicTypeReference@4aac81ca
2025-04-07T23:38:04.503+05:00 DEBUG 81289 --- [InventoryManagementV2] [           main] org.hibernate.type.BasicTypeRegistry     : Adding type registration byte -> org.hibernate.type.BasicTypeReference@393ae7a0
2025-04-07T23:38:04.504+05:00 DEBUG 81289 --- [InventoryManagementV2] [           main] org.hibernate.type.BasicTypeRegistry     : Adding type registration byte -> org.hibernate.type.BasicTypeReference@393ae7a0
2025-04-07T23:38:04.504+05:00 DEBUG 81289 --- [InventoryManagementV2] [           main] org.hibernate.type.BasicTypeRegistry     : Adding type registration java.lang.Byte -> org.hibernate.type.BasicTypeReference@393ae7a0
2025-04-07T23:38:04.504+05:00 DEBUG 81289 --- [InventoryManagementV2] [           main] org.hibernate.type.BasicTypeRegistry     : Adding type registration binary -> org.hibernate.type.BasicTypeReference@63326a3a
2025-04-07T23:38:04.504+05:00 DEBUG 81289 --- [InventoryManagementV2] [           main] org.hibernate.type.BasicTypeRegistry     : Adding type registration byte[] -> org.hibernate.type.BasicTypeReference@63326a3a
2025-04-07T23:38:04.504+05:00 DEBUG 81289 --- [InventoryManagementV2] [           main] org.hibernate.type.BasicTypeRegistry     : Adding type registration [B -> org.hibernate.type.BasicTypeReference@63326a3a
2025-04-07T23:38:04.504+05:00 DEBUG 81289 --- [InventoryManagementV2] [           main] org.hibernate.type.BasicTypeRegistry     : Adding type registration binary_wrapper -> org.hibernate.type.BasicTypeReference@3e04abc5
2025-04-07T23:38:04.504+05:00 DEBUG 81289 --- [InventoryManagementV2] [           main] org.hibernate.type.BasicTypeRegistry     : Adding type registration wrapper-binary -> org.hibernate.type.BasicTypeReference@3e04abc5
2025-04-07T23:38:04.504+05:00 DEBUG 81289 --- [InventoryManagementV2] [           main] org.hibernate.type.BasicTypeRegistry     : Adding type registration image -> org.hibernate.type.BasicTypeReference@1008df1e
2025-04-07T23:38:04.504+05:00 DEBUG 81289 --- [InventoryManagementV2] [           main] org.hibernate.type.BasicTypeRegistry     : Adding type registration blob -> org.hibernate.type.BasicTypeReference@7ee12d58
2025-04-07T23:38:04.504+05:00 DEBUG 81289 --- [InventoryManagementV2] [           main] org.hibernate.type.BasicTypeRegistry     : Adding type registration java.sql.Blob -> org.hibernate.type.BasicTypeReference@7ee12d58
2025-04-07T23:38:04.504+05:00 DEBUG 81289 --- [InventoryManagementV2] [           main] org.hibernate.type.BasicTypeRegistry     : Adding type registration materialized_blob -> org.hibernate.type.BasicTypeReference@e72fb04
2025-04-07T23:38:04.504+05:00 DEBUG 81289 --- [InventoryManagementV2] [           main] org.hibernate.type.BasicTypeRegistry     : Adding type registration materialized_blob_wrapper -> org.hibernate.type.BasicTypeReference@1533338c
2025-04-07T23:38:04.504+05:00 DEBUG 81289 --- [InventoryManagementV2] [           main] org.hibernate.type.BasicTypeRegistry     : Adding type registration short -> org.hibernate.type.BasicTypeReference@4315fe1b
2025-04-07T23:38:04.504+05:00 DEBUG 81289 --- [InventoryManagementV2] [           main] org.hibernate.type.BasicTypeRegistry     : Adding type registration short -> org.hibernate.type.BasicTypeReference@4315fe1b
2025-04-07T23:38:04.504+05:00 DEBUG 81289 --- [InventoryManagementV2] [           main] org.hibernate.type.BasicTypeRegistry     : Adding type registration java.lang.Short -> org.hibernate.type.BasicTypeReference@4315fe1b
2025-04-07T23:38:04.504+05:00 DEBUG 81289 --- [InventoryManagementV2] [           main] org.hibernate.type.BasicTypeRegistry     : Adding type registration integer -> org.hibernate.type.BasicTypeReference@34e990cc
2025-04-07T23:38:04.504+05:00 DEBUG 81289 --- [InventoryManagementV2] [           main] org.hibernate.type.BasicTypeRegistry     : Adding type registration int -> org.hibernate.type.BasicTypeReference@34e990cc
2025-04-07T23:38:04.504+05:00 DEBUG 81289 --- [InventoryManagementV2] [           main] org.hibernate.type.BasicTypeRegistry     : Adding type registration java.lang.Integer -> org.hibernate.type.BasicTypeReference@34e990cc
2025-04-07T23:38:04.505+05:00 DEBUG 81289 --- [InventoryManagementV2] [           main] org.hibernate.type.BasicTypeRegistry     : Adding type registration long -> org.hibernate.type.BasicTypeReference@2d5ae78e
2025-04-07T23:38:04.505+05:00 DEBUG 81289 --- [InventoryManagementV2] [           main] org.hibernate.type.BasicTypeRegistry     : Adding type registration long -> org.hibernate.type.BasicTypeReference@2d5ae78e
2025-04-07T23:38:04.505+05:00 DEBUG 81289 --- [InventoryManagementV2] [           main] org.hibernate.type.BasicTypeRegistry     : Adding type registration java.lang.Long -> org.hibernate.type.BasicTypeReference@2d5ae78e
2025-04-07T23:38:04.505+05:00 DEBUG 81289 --- [InventoryManagementV2] [           main] org.hibernate.type.BasicTypeRegistry     : Adding type registration float -> org.hibernate.type.BasicTypeReference@21f91efa
2025-04-07T23:38:04.505+05:00 DEBUG 81289 --- [InventoryManagementV2] [           main] org.hibernate.type.BasicTypeRegistry     : Adding type registration float -> org.hibernate.type.BasicTypeReference@21f91efa
2025-04-07T23:38:04.505+05:00 DEBUG 81289 --- [InventoryManagementV2] [           main] org.hibernate.type.BasicTypeRegistry     : Adding type registration java.lang.Float -> org.hibernate.type.BasicTypeReference@21f91efa
2025-04-07T23:38:04.505+05:00 DEBUG 81289 --- [InventoryManagementV2] [           main] org.hibernate.type.BasicTypeRegistry     : Adding type registration double -> org.hibernate.type.BasicTypeReference@4df0d9f8
2025-04-07T23:38:04.505+05:00 DEBUG 81289 --- [InventoryManagementV2] [           main] org.hibernate.type.BasicTypeRegistry     : Adding type registration double -> org.hibernate.type.BasicTypeReference@4df0d9f8
2025-04-07T23:38:04.505+05:00 DEBUG 81289 --- [InventoryManagementV2] [           main] org.hibernate.type.BasicTypeRegistry     : Adding type registration java.lang.Double -> org.hibernate.type.BasicTypeReference@4df0d9f8
2025-04-07T23:38:04.505+05:00 DEBUG 81289 --- [InventoryManagementV2] [           main] org.hibernate.type.BasicTypeRegistry     : Adding type registration big_integer -> org.hibernate.type.BasicTypeReference@35e75f7a
2025-04-07T23:38:04.505+05:00 DEBUG 81289 --- [InventoryManagementV2] [           main] org.hibernate.type.BasicTypeRegistry     : Adding type registration java.math.BigInteger -> org.hibernate.type.BasicTypeReference@35e75f7a
2025-04-07T23:38:04.505+05:00 DEBUG 81289 --- [InventoryManagementV2] [           main] org.hibernate.type.BasicTypeRegistry     : Adding type registration big_decimal -> org.hibernate.type.BasicTypeReference@4f7bb8df
2025-04-07T23:38:04.505+05:00 DEBUG 81289 --- [InventoryManagementV2] [           main] org.hibernate.type.BasicTypeRegistry     : Adding type registration java.math.BigDecimal -> org.hibernate.type.BasicTypeReference@4f7bb8df
2025-04-07T23:38:04.505+05:00 DEBUG 81289 --- [InventoryManagementV2] [           main] org.hibernate.type.BasicTypeRegistry     : Adding type registration character -> org.hibernate.type.BasicTypeReference@269c7104
2025-04-07T23:38:04.505+05:00 DEBUG 81289 --- [InventoryManagementV2] [           main] org.hibernate.type.BasicTypeRegistry     : Adding type registration char -> org.hibernate.type.BasicTypeReference@269c7104
2025-04-07T23:38:04.505+05:00 DEBUG 81289 --- [InventoryManagementV2] [           main] org.hibernate.type.BasicTypeRegistry     : Adding type registration java.lang.Character -> org.hibernate.type.BasicTypeReference@269c7104
2025-04-07T23:38:04.505+05:00 DEBUG 81289 --- [InventoryManagementV2] [           main] org.hibernate.type.BasicTypeRegistry     : Adding type registration character_nchar -> org.hibernate.type.BasicTypeReference@6de84336
2025-04-07T23:38:04.505+05:00 DEBUG 81289 --- [InventoryManagementV2] [           main] org.hibernate.type.BasicTypeRegistry     : Adding type registration string -> org.hibernate.type.BasicTypeReference@627bcd7e
2025-04-07T23:38:04.505+05:00 DEBUG 81289 --- [InventoryManagementV2] [           main] org.hibernate.type.BasicTypeRegistry     : Adding type registration java.lang.String -> org.hibernate.type.BasicTypeReference@627bcd7e
2025-04-07T23:38:04.506+05:00 DEBUG 81289 --- [InventoryManagementV2] [           main] org.hibernate.type.BasicTypeRegistry     : Adding type registration nstring -> org.hibernate.type.BasicTypeReference@70543cae
2025-04-07T23:38:04.506+05:00 DEBUG 81289 --- [InventoryManagementV2] [           main] org.hibernate.type.BasicTypeRegistry     : Adding type registration characters -> org.hibernate.type.BasicTypeReference@350567f1
2025-04-07T23:38:04.506+05:00 DEBUG 81289 --- [InventoryManagementV2] [           main] org.hibernate.type.BasicTypeRegistry     : Adding type registration char[] -> org.hibernate.type.BasicTypeReference@350567f1
2025-04-07T23:38:04.506+05:00 DEBUG 81289 --- [InventoryManagementV2] [           main] org.hibernate.type.BasicTypeRegistry     : Adding type registration [C -> org.hibernate.type.BasicTypeReference@350567f1
2025-04-07T23:38:04.506+05:00 DEBUG 81289 --- [InventoryManagementV2] [           main] org.hibernate.type.BasicTypeRegistry     : Adding type registration wrapper-characters -> org.hibernate.type.BasicTypeReference@1a5b7394
2025-04-07T23:38:04.506+05:00 DEBUG 81289 --- [InventoryManagementV2] [           main] org.hibernate.type.BasicTypeRegistry     : Adding type registration text -> org.hibernate.type.BasicTypeReference@26f75d9c
2025-04-07T23:38:04.506+05:00 DEBUG 81289 --- [InventoryManagementV2] [           main] org.hibernate.type.BasicTypeRegistry     : Adding type registration ntext -> org.hibernate.type.BasicTypeReference@7717b4a0
2025-04-07T23:38:04.506+05:00 DEBUG 81289 --- [InventoryManagementV2] [           main] org.hibernate.type.BasicTypeRegistry     : Adding type registration clob -> org.hibernate.type.BasicTypeReference@69b37f5c
2025-04-07T23:38:04.506+05:00 DEBUG 81289 --- [InventoryManagementV2] [           main] org.hibernate.type.BasicTypeRegistry     : Adding type registration java.sql.Clob -> org.hibernate.type.BasicTypeReference@69b37f5c
2025-04-07T23:38:04.506+05:00 DEBUG 81289 --- [InventoryManagementV2] [           main] org.hibernate.type.BasicTypeRegistry     : Adding type registration nclob -> org.hibernate.type.BasicTypeReference@28b5662d
2025-04-07T23:38:04.506+05:00 DEBUG 81289 --- [InventoryManagementV2] [           main] org.hibernate.type.BasicTypeRegistry     : Adding type registration java.sql.NClob -> org.hibernate.type.BasicTypeReference@28b5662d
2025-04-07T23:38:04.506+05:00 DEBUG 81289 --- [InventoryManagementV2] [           main] org.hibernate.type.BasicTypeRegistry     : Adding type registration materialized_clob -> org.hibernate.type.BasicTypeReference@34b2d51a
2025-04-07T23:38:04.506+05:00 DEBUG 81289 --- [InventoryManagementV2] [           main] org.hibernate.type.BasicTypeRegistry     : Adding type registration materialized_clob_char_array -> org.hibernate.type.BasicTypeReference@7e4ac598
2025-04-07T23:38:04.506+05:00 DEBUG 81289 --- [InventoryManagementV2] [           main] org.hibernate.type.BasicTypeRegistry     : Adding type registration materialized_clob_character_array -> org.hibernate.type.BasicTypeReference@cf10c92
2025-04-07T23:38:04.506+05:00 DEBUG 81289 --- [InventoryManagementV2] [           main] org.hibernate.type.BasicTypeRegistry     : Adding type registration materialized_nclob -> org.hibernate.type.BasicTypeReference@f76872f
2025-04-07T23:38:04.506+05:00 DEBUG 81289 --- [InventoryManagementV2] [           main] org.hibernate.type.BasicTypeRegistry     : Adding type registration materialized_nclob_character_array -> org.hibernate.type.BasicTypeReference@2d4e99de
2025-04-07T23:38:04.506+05:00 DEBUG 81289 --- [InventoryManagementV2] [           main] org.hibernate.type.BasicTypeRegistry     : Adding type registration materialized_nclob_char_array -> org.hibernate.type.BasicTypeReference@580ffea
2025-04-07T23:38:04.506+05:00 DEBUG 81289 --- [InventoryManagementV2] [           main] org.hibernate.type.BasicTypeRegistry     : Adding type registration Duration -> org.hibernate.type.BasicTypeReference@191e654
2025-04-07T23:38:04.506+05:00 DEBUG 81289 --- [InventoryManagementV2] [           main] org.hibernate.type.BasicTypeRegistry     : Adding type registration java.time.Duration -> org.hibernate.type.BasicTypeReference@191e654
2025-04-07T23:38:04.506+05:00 DEBUG 81289 --- [InventoryManagementV2] [           main] org.hibernate.type.BasicTypeRegistry     : Adding type registration LocalDateTime -> org.hibernate.type.BasicTypeReference@3a6556b6
2025-04-07T23:38:04.506+05:00 DEBUG 81289 --- [InventoryManagementV2] [           main] org.hibernate.type.BasicTypeRegistry     : Adding type registration java.time.LocalDateTime -> org.hibernate.type.BasicTypeReference@3a6556b6
2025-04-07T23:38:04.506+05:00 DEBUG 81289 --- [InventoryManagementV2] [           main] org.hibernate.type.BasicTypeRegistry     : Adding type registration LocalDate -> org.hibernate.type.BasicTypeReference@63bca84d
2025-04-07T23:38:04.506+05:00 DEBUG 81289 --- [InventoryManagementV2] [           main] org.hibernate.type.BasicTypeRegistry     : Adding type registration java.time.LocalDate -> org.hibernate.type.BasicTypeReference@63bca84d
2025-04-07T23:38:04.506+05:00 DEBUG 81289 --- [InventoryManagementV2] [           main] org.hibernate.type.BasicTypeRegistry     : Adding type registration LocalTime -> org.hibernate.type.BasicTypeReference@6141647f
2025-04-07T23:38:04.507+05:00 DEBUG 81289 --- [InventoryManagementV2] [           main] org.hibernate.type.BasicTypeRegistry     : Adding type registration java.time.LocalTime -> org.hibernate.type.BasicTypeReference@6141647f
2025-04-07T23:38:04.507+05:00 DEBUG 81289 --- [InventoryManagementV2] [           main] org.hibernate.type.BasicTypeRegistry     : Adding type registration OffsetDateTime -> org.hibernate.type.BasicTypeReference@6f6c8d45
2025-04-07T23:38:04.507+05:00 DEBUG 81289 --- [InventoryManagementV2] [           main] org.hibernate.type.BasicTypeRegistry     : Adding type registration java.time.OffsetDateTime -> org.hibernate.type.BasicTypeReference@6f6c8d45
2025-04-07T23:38:04.507+05:00 DEBUG 81289 --- [InventoryManagementV2] [           main] org.hibernate.type.BasicTypeRegistry     : Adding type registration OffsetDateTimeWithTimezone -> org.hibernate.type.BasicTypeReference@7f2ca6f8
2025-04-07T23:38:04.507+05:00 DEBUG 81289 --- [InventoryManagementV2] [           main] org.hibernate.type.BasicTypeRegistry     : Adding type registration OffsetDateTimeWithoutTimezone -> org.hibernate.type.BasicTypeReference@79d49790
2025-04-07T23:38:04.507+05:00 DEBUG 81289 --- [InventoryManagementV2] [           main] org.hibernate.type.BasicTypeRegistry     : Adding type registration OffsetTime -> org.hibernate.type.BasicTypeReference@13dc6649
2025-04-07T23:38:04.507+05:00 DEBUG 81289 --- [InventoryManagementV2] [           main] org.hibernate.type.BasicTypeRegistry     : Adding type registration java.time.OffsetTime -> org.hibernate.type.BasicTypeReference@13dc6649
2025-04-07T23:38:04.507+05:00 DEBUG 81289 --- [InventoryManagementV2] [           main] org.hibernate.type.BasicTypeRegistry     : Adding type registration OffsetTimeUtc -> org.hibernate.type.BasicTypeReference@1851c7d2
2025-04-07T23:38:04.507+05:00 DEBUG 81289 --- [InventoryManagementV2] [           main] org.hibernate.type.BasicTypeRegistry     : Adding type registration OffsetTimeWithTimezone -> org.hibernate.type.BasicTypeReference@250a946
2025-04-07T23:38:04.507+05:00 DEBUG 81289 --- [InventoryManagementV2] [           main] org.hibernate.type.BasicTypeRegistry     : Adding type registration OffsetTimeWithoutTimezone -> org.hibernate.type.BasicTypeReference@5fe5c68b
2025-04-07T23:38:04.507+05:00 DEBUG 81289 --- [InventoryManagementV2] [           main] org.hibernate.type.BasicTypeRegistry     : Adding type registration ZonedDateTime -> org.hibernate.type.BasicTypeReference@2ffb0d10
2025-04-07T23:38:04.507+05:00 DEBUG 81289 --- [InventoryManagementV2] [           main] org.hibernate.type.BasicTypeRegistry     : Adding type registration java.time.ZonedDateTime -> org.hibernate.type.BasicTypeReference@2ffb0d10
2025-04-07T23:38:04.507+05:00 DEBUG 81289 --- [InventoryManagementV2] [           main] org.hibernate.type.BasicTypeRegistry     : Adding type registration ZonedDateTimeWithTimezone -> org.hibernate.type.BasicTypeReference@3982206a
2025-04-07T23:38:04.507+05:00 DEBUG 81289 --- [InventoryManagementV2] [           main] org.hibernate.type.BasicTypeRegistry     : Adding type registration ZonedDateTimeWithoutTimezone -> org.hibernate.type.BasicTypeReference@3e9fb485
2025-04-07T23:38:04.507+05:00 DEBUG 81289 --- [InventoryManagementV2] [           main] org.hibernate.type.BasicTypeRegistry     : Adding type registration date -> org.hibernate.type.BasicTypeReference@4f3fec43
2025-04-07T23:38:04.507+05:00 DEBUG 81289 --- [InventoryManagementV2] [           main] org.hibernate.type.BasicTypeRegistry     : Adding type registration java.sql.Date -> org.hibernate.type.BasicTypeReference@4f3fec43
2025-04-07T23:38:04.507+05:00 DEBUG 81289 --- [InventoryManagementV2] [           main] org.hibernate.type.BasicTypeRegistry     : Adding type registration time -> org.hibernate.type.BasicTypeReference@38dbeb39
2025-04-07T23:38:04.507+05:00 DEBUG 81289 --- [InventoryManagementV2] [           main] org.hibernate.type.BasicTypeRegistry     : Adding type registration java.sql.Time -> org.hibernate.type.BasicTypeReference@38dbeb39
2025-04-07T23:38:04.507+05:00 DEBUG 81289 --- [InventoryManagementV2] [           main] org.hibernate.type.BasicTypeRegistry     : Adding type registration timestamp -> org.hibernate.type.BasicTypeReference@10f20d38
2025-04-07T23:38:04.507+05:00 DEBUG 81289 --- [InventoryManagementV2] [           main] org.hibernate.type.BasicTypeRegistry     : Adding type registration java.sql.Timestamp -> org.hibernate.type.BasicTypeReference@10f20d38
2025-04-07T23:38:04.507+05:00 DEBUG 81289 --- [InventoryManagementV2] [           main] org.hibernate.type.BasicTypeRegistry     : Adding type registration java.util.Date -> org.hibernate.type.BasicTypeReference@10f20d38
2025-04-07T23:38:04.507+05:00 DEBUG 81289 --- [InventoryManagementV2] [           main] org.hibernate.type.BasicTypeRegistry     : Adding type registration calendar -> org.hibernate.type.BasicTypeReference@538aa83f
2025-04-07T23:38:04.507+05:00 DEBUG 81289 --- [InventoryManagementV2] [           main] org.hibernate.type.BasicTypeRegistry     : Adding type registration java.util.Calendar -> org.hibernate.type.BasicTypeReference@538aa83f
2025-04-07T23:38:04.507+05:00 DEBUG 81289 --- [InventoryManagementV2] [           main] org.hibernate.type.BasicTypeRegistry     : Adding type registration java.util.GregorianCalendar -> org.hibernate.type.BasicTypeReference@538aa83f
2025-04-07T23:38:04.507+05:00 DEBUG 81289 --- [InventoryManagementV2] [           main] org.hibernate.type.BasicTypeRegistry     : Adding type registration calendar_date -> org.hibernate.type.BasicTypeReference@63e70bf9
2025-04-07T23:38:04.507+05:00 DEBUG 81289 --- [InventoryManagementV2] [           main] org.hibernate.type.BasicTypeRegistry     : Adding type registration calendar_time -> org.hibernate.type.BasicTypeReference@402a69f
2025-04-07T23:38:04.507+05:00 DEBUG 81289 --- [InventoryManagementV2] [           main] org.hibernate.type.BasicTypeRegistry     : Adding type registration instant -> org.hibernate.type.BasicTypeReference@419f0ea
2025-04-07T23:38:04.507+05:00 DEBUG 81289 --- [InventoryManagementV2] [           main] org.hibernate.type.BasicTypeRegistry     : Adding type registration java.time.Instant -> org.hibernate.type.BasicTypeReference@419f0ea
2025-04-07T23:38:04.508+05:00 DEBUG 81289 --- [InventoryManagementV2] [           main] org.hibernate.type.BasicTypeRegistry     : Adding type registration uuid -> org.hibernate.type.BasicTypeReference@2d47b06
2025-04-07T23:38:04.508+05:00 DEBUG 81289 --- [InventoryManagementV2] [           main] org.hibernate.type.BasicTypeRegistry     : Adding type registration java.util.UUID -> org.hibernate.type.BasicTypeReference@2d47b06
2025-04-07T23:38:04.508+05:00 DEBUG 81289 --- [InventoryManagementV2] [           main] org.hibernate.type.BasicTypeRegistry     : Adding type registration pg-uuid -> org.hibernate.type.BasicTypeReference@2d47b06
2025-04-07T23:38:04.508+05:00 DEBUG 81289 --- [InventoryManagementV2] [           main] org.hibernate.type.BasicTypeRegistry     : Adding type registration uuid-binary -> org.hibernate.type.BasicTypeReference@59371066
2025-04-07T23:38:04.508+05:00 DEBUG 81289 --- [InventoryManagementV2] [           main] org.hibernate.type.BasicTypeRegistry     : Adding type registration uuid-char -> org.hibernate.type.BasicTypeReference@48106381
2025-04-07T23:38:04.508+05:00 DEBUG 81289 --- [InventoryManagementV2] [           main] org.hibernate.type.BasicTypeRegistry     : Adding type registration class -> org.hibernate.type.BasicTypeReference@3c544c9
2025-04-07T23:38:04.508+05:00 DEBUG 81289 --- [InventoryManagementV2] [           main] org.hibernate.type.BasicTypeRegistry     : Adding type registration java.lang.Class -> org.hibernate.type.BasicTypeReference@3c544c9
2025-04-07T23:38:04.508+05:00 DEBUG 81289 --- [InventoryManagementV2] [           main] org.hibernate.type.BasicTypeRegistry     : Adding type registration currency -> org.hibernate.type.BasicTypeReference@22e813fc
2025-04-07T23:38:04.508+05:00 DEBUG 81289 --- [InventoryManagementV2] [           main] org.hibernate.type.BasicTypeRegistry     : Adding type registration Currency -> org.hibernate.type.BasicTypeReference@22e813fc
2025-04-07T23:38:04.508+05:00 DEBUG 81289 --- [InventoryManagementV2] [           main] org.hibernate.type.BasicTypeRegistry     : Adding type registration java.util.Currency -> org.hibernate.type.BasicTypeReference@22e813fc
2025-04-07T23:38:04.508+05:00 DEBUG 81289 --- [InventoryManagementV2] [           main] org.hibernate.type.BasicTypeRegistry     : Adding type registration locale -> org.hibernate.type.BasicTypeReference@433d93e7
2025-04-07T23:38:04.508+05:00 DEBUG 81289 --- [InventoryManagementV2] [           main] org.hibernate.type.BasicTypeRegistry     : Adding type registration java.util.Locale -> org.hibernate.type.BasicTypeReference@433d93e7
2025-04-07T23:38:04.508+05:00 DEBUG 81289 --- [InventoryManagementV2] [           main] org.hibernate.type.BasicTypeRegistry     : Adding type registration serializable -> org.hibernate.type.BasicTypeReference@87aec6a
2025-04-07T23:38:04.508+05:00 DEBUG 81289 --- [InventoryManagementV2] [           main] org.hibernate.type.BasicTypeRegistry     : Adding type registration java.io.Serializable -> org.hibernate.type.BasicTypeReference@87aec6a
2025-04-07T23:38:04.508+05:00 DEBUG 81289 --- [InventoryManagementV2] [           main] org.hibernate.type.BasicTypeRegistry     : Adding type registration timezone -> org.hibernate.type.BasicTypeReference@213012a0
2025-04-07T23:38:04.508+05:00 DEBUG 81289 --- [InventoryManagementV2] [           main] org.hibernate.type.BasicTypeRegistry     : Adding type registration java.util.TimeZone -> org.hibernate.type.BasicTypeReference@213012a0
2025-04-07T23:38:04.508+05:00 DEBUG 81289 --- [InventoryManagementV2] [           main] org.hibernate.type.BasicTypeRegistry     : Adding type registration ZoneOffset -> org.hibernate.type.BasicTypeReference@43a59289
2025-04-07T23:38:04.508+05:00 DEBUG 81289 --- [InventoryManagementV2] [           main] org.hibernate.type.BasicTypeRegistry     : Adding type registration java.time.ZoneOffset -> org.hibernate.type.BasicTypeReference@43a59289
2025-04-07T23:38:04.508+05:00 DEBUG 81289 --- [InventoryManagementV2] [           main] org.hibernate.type.BasicTypeRegistry     : Adding type registration url -> org.hibernate.type.BasicTypeReference@6c2883b1
2025-04-07T23:38:04.508+05:00 DEBUG 81289 --- [InventoryManagementV2] [           main] org.hibernate.type.BasicTypeRegistry     : Adding type registration java.net.URL -> org.hibernate.type.BasicTypeReference@6c2883b1
2025-04-07T23:38:04.508+05:00 DEBUG 81289 --- [InventoryManagementV2] [           main] org.hibernate.type.BasicTypeRegistry     : Adding type registration row_version -> org.hibernate.type.BasicTypeReference@336e3be2
2025-04-07T23:38:04.510+05:00 DEBUG 81289 --- [InventoryManagementV2] [           main] org.hibernate.type.BasicTypeRegistry     : Adding type registration object -> org.hibernate.type.JavaObjectType@52856ff9
2025-04-07T23:38:04.510+05:00 DEBUG 81289 --- [InventoryManagementV2] [           main] org.hibernate.type.BasicTypeRegistry     : Adding type registration java.lang.Object -> org.hibernate.type.JavaObjectType@52856ff9
2025-04-07T23:38:04.511+05:00 DEBUG 81289 --- [InventoryManagementV2] [           main] org.hibernate.type.BasicTypeRegistry     : Adding type registration null -> org.hibernate.type.NullType@123ca460
2025-04-07T23:38:04.511+05:00 DEBUG 81289 --- [InventoryManagementV2] [           main] org.hibernate.type.BasicTypeRegistry     : Adding type registration imm_date -> org.hibernate.type.BasicTypeReference@11228bee
2025-04-07T23:38:04.511+05:00 DEBUG 81289 --- [InventoryManagementV2] [           main] org.hibernate.type.BasicTypeRegistry     : Adding type registration imm_time -> org.hibernate.type.BasicTypeReference@7d626f2
2025-04-07T23:38:04.511+05:00 DEBUG 81289 --- [InventoryManagementV2] [           main] org.hibernate.type.BasicTypeRegistry     : Adding type registration imm_timestamp -> org.hibernate.type.BasicTypeReference@460f1cdb
2025-04-07T23:38:04.511+05:00 DEBUG 81289 --- [InventoryManagementV2] [           main] org.hibernate.type.BasicTypeRegistry     : Adding type registration imm_calendar -> org.hibernate.type.BasicTypeReference@31e7afde
2025-04-07T23:38:04.511+05:00 DEBUG 81289 --- [InventoryManagementV2] [           main] org.hibernate.type.BasicTypeRegistry     : Adding type registration imm_calendar_date -> org.hibernate.type.BasicTypeReference@349f3ff7
2025-04-07T23:38:04.511+05:00 DEBUG 81289 --- [InventoryManagementV2] [           main] org.hibernate.type.BasicTypeRegistry     : Adding type registration imm_calendar_time -> org.hibernate.type.BasicTypeReference@2487e20
2025-04-07T23:38:04.511+05:00 DEBUG 81289 --- [InventoryManagementV2] [           main] org.hibernate.type.BasicTypeRegistry     : Adding type registration imm_binary -> org.hibernate.type.BasicTypeReference@3c9f4376
2025-04-07T23:38:04.511+05:00 DEBUG 81289 --- [InventoryManagementV2] [           main] org.hibernate.type.BasicTypeRegistry     : Adding type registration imm_serializable -> org.hibernate.type.BasicTypeReference@308a9264
2025-04-07T23:38:04.513+05:00 DEBUG 81289 --- [InventoryManagementV2] [           main] o.h.boot.internal.BootstrapContextImpl   : Injecting JPA temp ClassLoader [org.springframework.instrument.classloading.SimpleThrowawayClassLoader@11cadb32] into BootstrapContext; was [null]
2025-04-07T23:38:04.513+05:00 DEBUG 81289 --- [InventoryManagementV2] [           main] o.h.boot.internal.ClassLoaderAccessImpl  : ClassLoaderAccessImpl#injectTempClassLoader(org.springframework.instrument.classloading.SimpleThrowawayClassLoader@11cadb32) [was null]
2025-04-07T23:38:04.513+05:00 DEBUG 81289 --- [InventoryManagementV2] [           main] o.h.boot.internal.BootstrapContextImpl   : Injecting ScanEnvironment [org.hibernate.jpa.boot.internal.StandardJpaScanEnvironmentImpl@c82d925] into BootstrapContext; was [null]
2025-04-07T23:38:04.513+05:00 DEBUG 81289 --- [InventoryManagementV2] [           main] o.h.boot.internal.BootstrapContextImpl   : Injecting ScanOptions [org.hibernate.boot.archive.scan.internal.StandardScanOptions@55c03e4] into BootstrapContext; was [org.hibernate.boot.archive.scan.internal.StandardScanOptions@14df5253]
2025-04-07T23:38:04.521+05:00  INFO 81289 --- [InventoryManagementV2] [           main] o.h.b.i.BytecodeProviderInitiator        : HHH000021: Bytecode provider name : bytebuddy
2025-04-07T23:38:04.598+05:00  INFO 81289 --- [InventoryManagementV2] [           main] o.s.o.j.p.SpringPersistenceUnitInfo      : No LoadTimeWeaver setup: ignoring JPA class transformer
2025-04-07T23:38:04.599+05:00 DEBUG 81289 --- [InventoryManagementV2] [           main] o.h.boot.internal.BootstrapContextImpl   : Injecting JPA temp ClassLoader [null] into BootstrapContext; was [org.springframework.instrument.classloading.SimpleThrowawayClassLoader@11cadb32]
2025-04-07T23:38:04.599+05:00 DEBUG 81289 --- [InventoryManagementV2] [           main] o.h.boot.internal.ClassLoaderAccessImpl  : ClassLoaderAccessImpl#injectTempClassLoader(null) [was org.springframework.instrument.classloading.SimpleThrowawayClassLoader@11cadb32]
2025-04-07T23:38:04.608+05:00  INFO 81289 --- [InventoryManagementV2] [           main] c.e.i.I.config.DataSourceConfig          : Auto-routing to: master
2025-04-07T23:38:04.609+05:00  INFO 81289 --- [InventoryManagementV2] [           main] com.zaxxer.hikari.HikariDataSource       : HikariPool-1 - Starting...
2025-04-07T23:38:04.919+05:00  INFO 81289 --- [InventoryManagementV2] [           main] com.zaxxer.hikari.pool.HikariPool        : HikariPool-1 - Added connection ConnectionID:1 ClientConnectionId: ffd08e92-e8ed-4761-b943-84e2fb2a68cc
2025-04-07T23:38:04.920+05:00  INFO 81289 --- [InventoryManagementV2] [           main] com.zaxxer.hikari.HikariDataSource       : HikariPool-1 - Start completed.
2025-04-07T23:38:04.925+05:00  INFO 81289 --- [InventoryManagementV2] [           main] c.e.i.I.config.DataSourceConfig          : Auto-routing to: master
2025-04-07T23:38:04.938+05:00 DEBUG 81289 --- [InventoryManagementV2] [           main] o.h.e.j.e.i.JdbcEnvironmentInitiator     : Database ->
       name : Microsoft SQL Server
    version : 16.00.1000
      major : 16
      minor : 0
2025-04-07T23:38:04.939+05:00 DEBUG 81289 --- [InventoryManagementV2] [           main] o.h.e.j.e.i.JdbcEnvironmentInitiator     : Driver ->
       name : Microsoft JDBC Driver 12.8 for SQL Server
    version : 12.8.1.0
      major : 12
      minor : 8
2025-04-07T23:38:04.939+05:00 DEBUG 81289 --- [InventoryManagementV2] [           main] o.h.e.j.e.i.JdbcEnvironmentInitiator     : JDBC version : 4.3
2025-04-07T23:38:04.949+05:00 DEBUG 81289 --- [InventoryManagementV2] [           main] org.hibernate.orm.dialect                : HHH035001: Using dialect: org.hibernate.dialect.SQLServerDialect, version: 16.0
2025-04-07T23:38:04.951+05:00 DEBUG 81289 --- [InventoryManagementV2] [           main] o.h.e.j.env.spi.IdentifierHelperBuilder  : IdentifierCaseStrategy for both quoted and unquoted identifiers was set to the same strategy [MIXED]; that will likely lead to problems in schema update and validation if using quoted identifiers
2025-04-07T23:38:04.980+05:00 DEBUG 81289 --- [InventoryManagementV2] [           main] o.h.t.d.jdbc.spi.JdbcTypeRegistry        : addDescriptor(NCharTypeDescriptor) replaced previous registration(CharTypeDescriptor)
2025-04-07T23:38:04.980+05:00 DEBUG 81289 --- [InventoryManagementV2] [           main] o.h.t.d.jdbc.spi.JdbcTypeRegistry        : addDescriptor(NVarcharTypeDescriptor) replaced previous registration(VarcharTypeDescriptor)
2025-04-07T23:38:04.980+05:00 DEBUG 81289 --- [InventoryManagementV2] [           main] o.h.t.d.jdbc.spi.JdbcTypeRegistry        : addDescriptor(LongNVarcharTypeDescriptor) replaced previous registration(LongVarcharTypeDescriptor)
2025-04-07T23:38:04.981+05:00 DEBUG 81289 --- [InventoryManagementV2] [           main] o.h.t.d.jdbc.spi.JdbcTypeRegistry        : addDescriptor(NClobTypeDescriptor(DEFAULT)) replaced previous registration(ClobTypeDescriptor(DEFAULT))
2025-04-07T23:38:04.982+05:00 DEBUG 81289 --- [InventoryManagementV2] [           main] o.h.t.d.jdbc.spi.JdbcTypeRegistry        : addDescriptor(2005, ClobTypeDescriptor(STREAM_BINDING)) replaced previous registration(ClobTypeDescriptor(DEFAULT))
2025-04-07T23:38:04.984+05:00 DEBUG 81289 --- [InventoryManagementV2] [           main] o.h.t.d.jdbc.spi.JdbcTypeRegistry        : addDescriptor(TimestampUtcDescriptor) replaced previous registration(TimestampUtcDescriptor)
2025-04-07T23:38:04.984+05:00 DEBUG 81289 --- [InventoryManagementV2] [           main] o.h.t.d.jdbc.spi.JdbcTypeRegistry        : addDescriptor(-6, TinyIntTypeDescriptor) replaced previous registration(TinyIntTypeDescriptor)
2025-04-07T23:38:04.986+05:00 DEBUG 81289 --- [InventoryManagementV2] [           main] o.h.type.spi.TypeConfiguration$Scope     : Scoping TypeConfiguration [org.hibernate.type.spi.TypeConfiguration@175bf9c9] to MetadataBuildingContext [org.hibernate.boot.internal.MetadataBuildingContextRootImpl@2db3675a]
2025-04-07T23:38:05.002+05:00 DEBUG 81289 --- [InventoryManagementV2] [           main] o.h.boot.model.relational.Namespace      : Created database namespace [logicalName=Name{catalog=null, schema=null}, physicalName=Name{catalog=null, schema=null}]
2025-04-07T23:38:05.012+05:00 DEBUG 81289 --- [InventoryManagementV2] [           main] o.h.boot.model.internal.EntityBinder     : Binding entity from annotated class: com.example.internshipproject.InventoryManagementV2.entities.Inventory
2025-04-07T23:38:05.015+05:00 DEBUG 81289 --- [InventoryManagementV2] [           main] o.h.boot.model.internal.EntityBinder     : Import with entity name Inventory
2025-04-07T23:38:05.018+05:00 DEBUG 81289 --- [InventoryManagementV2] [           main] o.h.boot.model.internal.EntityBinder     : Bind entity com.example.internshipproject.InventoryManagementV2.entities.Inventory on table inventory
2025-04-07T23:38:05.021+05:00 DEBUG 81289 --- [InventoryManagementV2] [           main] o.h.boot.model.internal.AnnotatedColumn  : Binding column: AnnotatedDiscriminatorColumn(column='DTYPE')
2025-04-07T23:38:05.029+05:00 DEBUG 81289 --- [InventoryManagementV2] [           main] o.h.boot.model.internal.AnnotatedColumn  : Binding column: AnnotatedColumn()
2025-04-07T23:38:05.030+05:00 DEBUG 81289 --- [InventoryManagementV2] [           main] o.h.boot.internal.ClassLoaderAccessImpl  : Not known whether passed class name [com.example.internshipproject.InventoryManagementV2.entities.Inventory] is safe
2025-04-07T23:38:05.030+05:00 DEBUG 81289 --- [InventoryManagementV2] [           main] o.h.boot.internal.ClassLoaderAccessImpl  : No temp ClassLoader provided; using live ClassLoader for loading potentially unsafe class : com.example.internshipproject.InventoryManagementV2.entities.Inventory
2025-04-07T23:38:05.031+05:00 DEBUG 81289 --- [InventoryManagementV2] [           main] o.h.boot.model.internal.PropertyBinder   : MetadataSourceProcessor property id with lazy=false
2025-04-07T23:38:05.032+05:00 DEBUG 81289 --- [InventoryManagementV2] [           main] o.h.b.m.internal.AbstractPropertyHolder  : Attempting to locate auto-apply AttributeConverter for property [com.example.internshipproject.InventoryManagementV2.entities.Inventory:id]
2025-04-07T23:38:05.034+05:00 DEBUG 81289 --- [InventoryManagementV2] [           main] o.h.b.model.internal.BasicValueBinder    : building BasicValue for id
2025-04-07T23:38:05.035+05:00 DEBUG 81289 --- [InventoryManagementV2] [           main] org.hibernate.mapping.BasicValue         : Skipping column re-registration: inventory.id
2025-04-07T23:38:05.035+05:00 DEBUG 81289 --- [InventoryManagementV2] [           main] o.h.boot.model.internal.PropertyBinder   : Building property id
2025-04-07T23:38:05.036+05:00 DEBUG 81289 --- [InventoryManagementV2] [           main] o.h.boot.model.internal.BinderHelper     : #makeIdGenerator(BasicValue([Column(id)]), id, identity, , ...)
2025-04-07T23:38:05.037+05:00 DEBUG 81289 --- [InventoryManagementV2] [           main] o.h.boot.model.internal.AnnotatedColumn  : Binding column: AnnotatedColumn(column='last_updated')
2025-04-07T23:38:05.037+05:00 DEBUG 81289 --- [InventoryManagementV2] [           main] o.h.boot.model.internal.PropertyBinder   : MetadataSourceProcessor property lastUpdated with lazy=false
2025-04-07T23:38:05.037+05:00 DEBUG 81289 --- [InventoryManagementV2] [           main] o.h.b.m.internal.AbstractPropertyHolder  : Attempting to locate auto-apply AttributeConverter for property [com.example.internshipproject.InventoryManagementV2.entities.Inventory:lastUpdated]
2025-04-07T23:38:05.037+05:00 DEBUG 81289 --- [InventoryManagementV2] [           main] o.h.b.model.internal.BasicValueBinder    : building BasicValue for lastUpdated
2025-04-07T23:38:05.037+05:00 DEBUG 81289 --- [InventoryManagementV2] [           main] org.hibernate.mapping.BasicValue         : Skipping column re-registration: inventory.last_updated
2025-04-07T23:38:05.037+05:00 DEBUG 81289 --- [InventoryManagementV2] [           main] o.h.boot.model.internal.PropertyBinder   : Building property lastUpdated
2025-04-07T23:38:05.038+05:00 DEBUG 81289 --- [InventoryManagementV2] [           main] o.h.boot.model.internal.AnnotatedColumn  : Binding column: AnnotatedJoinColumn(column='product_id')
2025-04-07T23:38:05.038+05:00 DEBUG 81289 --- [InventoryManagementV2] [           main] o.h.boot.model.internal.AnnotatedColumn  : Binding column: AnnotatedColumn()
2025-04-07T23:38:05.040+05:00 DEBUG 81289 --- [InventoryManagementV2] [           main] o.h.boot.model.internal.PropertyBinder   : Building property product
2025-04-07T23:38:05.040+05:00 DEBUG 81289 --- [InventoryManagementV2] [           main] o.h.boot.model.internal.AnnotatedColumn  : Binding column: AnnotatedColumn()
2025-04-07T23:38:05.040+05:00 DEBUG 81289 --- [InventoryManagementV2] [           main] o.h.boot.model.internal.PropertyBinder   : MetadataSourceProcessor property quantity with lazy=false
2025-04-07T23:38:05.040+05:00 DEBUG 81289 --- [InventoryManagementV2] [           main] o.h.b.m.internal.AbstractPropertyHolder  : Attempting to locate auto-apply AttributeConverter for property [com.example.internshipproject.InventoryManagementV2.entities.Inventory:quantity]
2025-04-07T23:38:05.040+05:00 DEBUG 81289 --- [InventoryManagementV2] [           main] o.h.b.model.internal.BasicValueBinder    : building BasicValue for quantity
2025-04-07T23:38:05.040+05:00 DEBUG 81289 --- [InventoryManagementV2] [           main] org.hibernate.mapping.BasicValue         : Skipping column re-registration: inventory.quantity
2025-04-07T23:38:05.040+05:00 DEBUG 81289 --- [InventoryManagementV2] [           main] o.h.boot.model.internal.PropertyBinder   : Building property quantity
2025-04-07T23:38:05.041+05:00 DEBUG 81289 --- [InventoryManagementV2] [           main] o.h.boot.model.internal.AnnotatedColumn  : Binding column: AnnotatedJoinColumn(column='store_id')
2025-04-07T23:38:05.041+05:00 DEBUG 81289 --- [InventoryManagementV2] [           main] o.h.boot.model.internal.AnnotatedColumn  : Binding column: AnnotatedColumn()
2025-04-07T23:38:05.041+05:00 DEBUG 81289 --- [InventoryManagementV2] [           main] o.h.boot.model.internal.PropertyBinder   : Building property store
2025-04-07T23:38:05.043+05:00 DEBUG 81289 --- [InventoryManagementV2] [           main] e.i.CallbackDefinitionResolverLegacyImpl : Adding updateTimestamp as PreUpdate callback for entity com.example.internshipproject.InventoryManagementV2.entities.Inventory
2025-04-07T23:38:05.043+05:00 DEBUG 81289 --- [InventoryManagementV2] [           main] e.i.CallbackDefinitionResolverLegacyImpl : Adding updateTimestamp as PrePersist callback for entity com.example.internshipproject.InventoryManagementV2.entities.Inventory
2025-04-07T23:38:05.043+05:00 DEBUG 81289 --- [InventoryManagementV2] [           main] o.h.boot.model.internal.EntityBinder     : Binding entity from annotated class: com.example.internshipproject.InventoryManagementV2.entities.Product
2025-04-07T23:38:05.043+05:00 DEBUG 81289 --- [InventoryManagementV2] [           main] o.h.boot.model.internal.EntityBinder     : Import with entity name Product
2025-04-07T23:38:05.043+05:00 DEBUG 81289 --- [InventoryManagementV2] [           main] o.h.boot.model.internal.EntityBinder     : Bind entity com.example.internshipproject.InventoryManagementV2.entities.Product on table products
2025-04-07T23:38:05.044+05:00 DEBUG 81289 --- [InventoryManagementV2] [           main] o.h.boot.model.internal.AnnotatedColumn  : Binding column: AnnotatedDiscriminatorColumn(column='DTYPE')
2025-04-07T23:38:05.044+05:00 DEBUG 81289 --- [InventoryManagementV2] [           main] o.h.boot.model.internal.AnnotatedColumn  : Binding column: AnnotatedColumn()
2025-04-07T23:38:05.044+05:00 DEBUG 81289 --- [InventoryManagementV2] [           main] o.h.boot.internal.ClassLoaderAccessImpl  : Not known whether passed class name [com.example.internshipproject.InventoryManagementV2.entities.Product] is safe
2025-04-07T23:38:05.044+05:00 DEBUG 81289 --- [InventoryManagementV2] [           main] o.h.boot.internal.ClassLoaderAccessImpl  : No temp ClassLoader provided; using live ClassLoader for loading potentially unsafe class : com.example.internshipproject.InventoryManagementV2.entities.Product
2025-04-07T23:38:05.044+05:00 DEBUG 81289 --- [InventoryManagementV2] [           main] o.h.boot.model.internal.PropertyBinder   : MetadataSourceProcessor property id with lazy=false
2025-04-07T23:38:05.044+05:00 DEBUG 81289 --- [InventoryManagementV2] [           main] o.h.b.m.internal.AbstractPropertyHolder  : Attempting to locate auto-apply AttributeConverter for property [com.example.internshipproject.InventoryManagementV2.entities.Product:id]
2025-04-07T23:38:05.044+05:00 DEBUG 81289 --- [InventoryManagementV2] [           main] o.h.b.model.internal.BasicValueBinder    : building BasicValue for id
2025-04-07T23:38:05.044+05:00 DEBUG 81289 --- [InventoryManagementV2] [           main] org.hibernate.mapping.BasicValue         : Skipping column re-registration: products.id
2025-04-07T23:38:05.044+05:00 DEBUG 81289 --- [InventoryManagementV2] [           main] o.h.boot.model.internal.PropertyBinder   : Building property id
2025-04-07T23:38:05.044+05:00 DEBUG 81289 --- [InventoryManagementV2] [           main] o.h.boot.model.internal.BinderHelper     : #makeIdGenerator(BasicValue([Column(id)]), id, identity, , ...)
2025-04-07T23:38:05.044+05:00 DEBUG 81289 --- [InventoryManagementV2] [           main] o.h.boot.model.internal.AnnotatedColumn  : Binding column: AnnotatedColumn(column='created_at')
2025-04-07T23:38:05.044+05:00 DEBUG 81289 --- [InventoryManagementV2] [           main] o.h.boot.model.internal.PropertyBinder   : MetadataSourceProcessor property createdAt with lazy=false
2025-04-07T23:38:05.044+05:00 DEBUG 81289 --- [InventoryManagementV2] [           main] o.h.b.m.internal.AbstractPropertyHolder  : Attempting to locate auto-apply AttributeConverter for property [com.example.internshipproject.InventoryManagementV2.entities.Product:createdAt]
2025-04-07T23:38:05.045+05:00 DEBUG 81289 --- [InventoryManagementV2] [           main] o.h.b.model.internal.BasicValueBinder    : building BasicValue for createdAt
2025-04-07T23:38:05.045+05:00 DEBUG 81289 --- [InventoryManagementV2] [           main] org.hibernate.mapping.BasicValue         : Skipping column re-registration: products.created_at
2025-04-07T23:38:05.045+05:00 DEBUG 81289 --- [InventoryManagementV2] [           main] o.h.boot.model.internal.PropertyBinder   : Building property createdAt
2025-04-07T23:38:05.045+05:00 DEBUG 81289 --- [InventoryManagementV2] [           main] o.h.boot.model.internal.AnnotatedColumn  : Binding column: AnnotatedColumn()
2025-04-07T23:38:05.045+05:00 DEBUG 81289 --- [InventoryManagementV2] [           main] o.h.boot.model.internal.PropertyBinder   : MetadataSourceProcessor property description with lazy=false
2025-04-07T23:38:05.045+05:00 DEBUG 81289 --- [InventoryManagementV2] [           main] o.h.b.m.internal.AbstractPropertyHolder  : Attempting to locate auto-apply AttributeConverter for property [com.example.internshipproject.InventoryManagementV2.entities.Product:description]
2025-04-07T23:38:05.045+05:00 DEBUG 81289 --- [InventoryManagementV2] [           main] o.h.b.model.internal.BasicValueBinder    : building BasicValue for description
2025-04-07T23:38:05.045+05:00 DEBUG 81289 --- [InventoryManagementV2] [           main] org.hibernate.mapping.BasicValue         : Skipping column re-registration: products.description
2025-04-07T23:38:05.045+05:00 DEBUG 81289 --- [InventoryManagementV2] [           main] o.h.boot.model.internal.PropertyBinder   : Building property description
2025-04-07T23:38:05.045+05:00 DEBUG 81289 --- [InventoryManagementV2] [           main] o.h.boot.model.internal.AnnotatedColumn  : Binding column: AnnotatedColumn()
2025-04-07T23:38:05.045+05:00 DEBUG 81289 --- [InventoryManagementV2] [           main] o.h.boot.model.internal.PropertyBinder   : MetadataSourceProcessor property name with lazy=false
2025-04-07T23:38:05.045+05:00 DEBUG 81289 --- [InventoryManagementV2] [           main] o.h.b.m.internal.AbstractPropertyHolder  : Attempting to locate auto-apply AttributeConverter for property [com.example.internshipproject.InventoryManagementV2.entities.Product:name]
2025-04-07T23:38:05.045+05:00 DEBUG 81289 --- [InventoryManagementV2] [           main] o.h.b.model.internal.BasicValueBinder    : building BasicValue for name
2025-04-07T23:38:05.045+05:00 DEBUG 81289 --- [InventoryManagementV2] [           main] org.hibernate.mapping.BasicValue         : Skipping column re-registration: products.name
2025-04-07T23:38:05.045+05:00 DEBUG 81289 --- [InventoryManagementV2] [           main] o.h.boot.model.internal.PropertyBinder   : Building property name
2025-04-07T23:38:05.045+05:00 DEBUG 81289 --- [InventoryManagementV2] [           main] o.h.boot.model.internal.AnnotatedColumn  : Binding column: AnnotatedColumn()
2025-04-07T23:38:05.045+05:00 DEBUG 81289 --- [InventoryManagementV2] [           main] o.h.boot.model.internal.PropertyBinder   : MetadataSourceProcessor property price with lazy=false
2025-04-07T23:38:05.045+05:00 DEBUG 81289 --- [InventoryManagementV2] [           main] o.h.b.m.internal.AbstractPropertyHolder  : Attempting to locate auto-apply AttributeConverter for property [com.example.internshipproject.InventoryManagementV2.entities.Product:price]
2025-04-07T23:38:05.045+05:00 DEBUG 81289 --- [InventoryManagementV2] [           main] o.h.b.model.internal.BasicValueBinder    : building BasicValue for price
2025-04-07T23:38:05.045+05:00 DEBUG 81289 --- [InventoryManagementV2] [           main] org.hibernate.mapping.BasicValue         : Skipping column re-registration: products.price
2025-04-07T23:38:05.045+05:00 DEBUG 81289 --- [InventoryManagementV2] [           main] o.h.boot.model.internal.PropertyBinder   : Building property price
2025-04-07T23:38:05.046+05:00 DEBUG 81289 --- [InventoryManagementV2] [           main] o.h.boot.model.internal.EntityBinder     : Binding entity from annotated class: com.example.internshipproject.InventoryManagementV2.entities.StockMovement
2025-04-07T23:38:05.046+05:00 DEBUG 81289 --- [InventoryManagementV2] [           main] o.h.boot.model.internal.EntityBinder     : Import with entity name StockMovement
2025-04-07T23:38:05.046+05:00 DEBUG 81289 --- [InventoryManagementV2] [           main] o.h.boot.model.internal.EntityBinder     : Bind entity com.example.internshipproject.InventoryManagementV2.entities.StockMovement on table stock_movements
2025-04-07T23:38:05.046+05:00 DEBUG 81289 --- [InventoryManagementV2] [           main] o.h.boot.model.internal.AnnotatedColumn  : Binding column: AnnotatedDiscriminatorColumn(column='DTYPE')
2025-04-07T23:38:05.047+05:00 DEBUG 81289 --- [InventoryManagementV2] [           main] o.h.boot.model.internal.AnnotatedColumn  : Binding column: AnnotatedColumn()
2025-04-07T23:38:05.047+05:00 DEBUG 81289 --- [InventoryManagementV2] [           main] o.h.boot.internal.ClassLoaderAccessImpl  : Not known whether passed class name [com.example.internshipproject.InventoryManagementV2.entities.StockMovement] is safe
2025-04-07T23:38:05.047+05:00 DEBUG 81289 --- [InventoryManagementV2] [           main] o.h.boot.internal.ClassLoaderAccessImpl  : No temp ClassLoader provided; using live ClassLoader for loading potentially unsafe class : com.example.internshipproject.InventoryManagementV2.entities.StockMovement
2025-04-07T23:38:05.047+05:00 DEBUG 81289 --- [InventoryManagementV2] [           main] o.h.boot.model.internal.PropertyBinder   : MetadataSourceProcessor property id with lazy=false
2025-04-07T23:38:05.047+05:00 DEBUG 81289 --- [InventoryManagementV2] [           main] o.h.b.m.internal.AbstractPropertyHolder  : Attempting to locate auto-apply AttributeConverter for property [com.example.internshipproject.InventoryManagementV2.entities.StockMovement:id]
2025-04-07T23:38:05.047+05:00 DEBUG 81289 --- [InventoryManagementV2] [           main] o.h.b.model.internal.BasicValueBinder    : building BasicValue for id
2025-04-07T23:38:05.047+05:00 DEBUG 81289 --- [InventoryManagementV2] [           main] org.hibernate.mapping.BasicValue         : Skipping column re-registration: stock_movements.id
2025-04-07T23:38:05.047+05:00 DEBUG 81289 --- [InventoryManagementV2] [           main] o.h.boot.model.internal.PropertyBinder   : Building property id
2025-04-07T23:38:05.047+05:00 DEBUG 81289 --- [InventoryManagementV2] [           main] o.h.boot.model.internal.BinderHelper     : #makeIdGenerator(BasicValue([Column(id)]), id, identity, , ...)
2025-04-07T23:38:05.047+05:00 DEBUG 81289 --- [InventoryManagementV2] [           main] o.h.boot.model.internal.AnnotatedColumn  : Binding column: AnnotatedColumn()
2025-04-07T23:38:05.047+05:00 DEBUG 81289 --- [InventoryManagementV2] [           main] o.h.boot.model.internal.PropertyBinder   : MetadataSourceProcessor property changeType with lazy=false
2025-04-07T23:38:05.047+05:00 DEBUG 81289 --- [InventoryManagementV2] [           main] o.h.b.m.internal.AbstractPropertyHolder  : Attempting to locate auto-apply AttributeConverter for property [com.example.internshipproject.InventoryManagementV2.entities.StockMovement:changeType]
2025-04-07T23:38:05.047+05:00 DEBUG 81289 --- [InventoryManagementV2] [           main] o.h.b.model.internal.BasicValueBinder    : building BasicValue for changeType
2025-04-07T23:38:05.047+05:00 DEBUG 81289 --- [InventoryManagementV2] [           main] org.hibernate.mapping.BasicValue         : Skipping column re-registration: stock_movements.change_type
2025-04-07T23:38:05.047+05:00 DEBUG 81289 --- [InventoryManagementV2] [           main] o.h.boot.model.internal.PropertyBinder   : Building property changeType
2025-04-07T23:38:05.047+05:00 DEBUG 81289 --- [InventoryManagementV2] [           main] o.h.boot.model.internal.AnnotatedColumn  : Binding column: AnnotatedColumn(column='movement_time')
2025-04-07T23:38:05.047+05:00 DEBUG 81289 --- [InventoryManagementV2] [           main] o.h.boot.model.internal.PropertyBinder   : MetadataSourceProcessor property movementTime with lazy=false
2025-04-07T23:38:05.047+05:00 DEBUG 81289 --- [InventoryManagementV2] [           main] o.h.b.m.internal.AbstractPropertyHolder  : Attempting to locate auto-apply AttributeConverter for property [com.example.internshipproject.InventoryManagementV2.entities.StockMovement:movementTime]
2025-04-07T23:38:05.047+05:00 DEBUG 81289 --- [InventoryManagementV2] [           main] o.h.b.model.internal.BasicValueBinder    : building BasicValue for movementTime
2025-04-07T23:38:05.048+05:00 DEBUG 81289 --- [InventoryManagementV2] [           main] org.hibernate.mapping.BasicValue         : Skipping column re-registration: stock_movements.movement_time
2025-04-07T23:38:05.048+05:00 DEBUG 81289 --- [InventoryManagementV2] [           main] o.h.boot.model.internal.PropertyBinder   : Building property movementTime
2025-04-07T23:38:05.048+05:00 DEBUG 81289 --- [InventoryManagementV2] [           main] o.h.boot.model.internal.AnnotatedColumn  : Binding column: AnnotatedJoinColumn(column='product_id')
2025-04-07T23:38:05.048+05:00 DEBUG 81289 --- [InventoryManagementV2] [           main] o.h.boot.model.internal.AnnotatedColumn  : Binding column: AnnotatedColumn()
2025-04-07T23:38:05.048+05:00 DEBUG 81289 --- [InventoryManagementV2] [           main] o.h.boot.model.internal.PropertyBinder   : Building property product
2025-04-07T23:38:05.048+05:00 DEBUG 81289 --- [InventoryManagementV2] [           main] o.h.boot.model.internal.AnnotatedColumn  : Binding column: AnnotatedColumn()
2025-04-07T23:38:05.048+05:00 DEBUG 81289 --- [InventoryManagementV2] [           main] o.h.boot.model.internal.PropertyBinder   : MetadataSourceProcessor property quantity with lazy=false
2025-04-07T23:38:05.048+05:00 DEBUG 81289 --- [InventoryManagementV2] [           main] o.h.b.m.internal.AbstractPropertyHolder  : Attempting to locate auto-apply AttributeConverter for property [com.example.internshipproject.InventoryManagementV2.entities.StockMovement:quantity]
2025-04-07T23:38:05.048+05:00 DEBUG 81289 --- [InventoryManagementV2] [           main] o.h.b.model.internal.BasicValueBinder    : building BasicValue for quantity
2025-04-07T23:38:05.048+05:00 DEBUG 81289 --- [InventoryManagementV2] [           main] org.hibernate.mapping.BasicValue         : Skipping column re-registration: stock_movements.quantity
2025-04-07T23:38:05.048+05:00 DEBUG 81289 --- [InventoryManagementV2] [           main] o.h.boot.model.internal.PropertyBinder   : Building property quantity
2025-04-07T23:38:05.048+05:00 DEBUG 81289 --- [InventoryManagementV2] [           main] o.h.boot.model.internal.AnnotatedColumn  : Binding column: AnnotatedJoinColumn(column='store_id')
2025-04-07T23:38:05.048+05:00 DEBUG 81289 --- [InventoryManagementV2] [           main] o.h.boot.model.internal.AnnotatedColumn  : Binding column: AnnotatedColumn()
2025-04-07T23:38:05.048+05:00 DEBUG 81289 --- [InventoryManagementV2] [           main] o.h.boot.model.internal.PropertyBinder   : Building property store
2025-04-07T23:38:05.048+05:00 DEBUG 81289 --- [InventoryManagementV2] [           main] o.h.boot.model.internal.AnnotatedColumn  : Binding column: AnnotatedJoinColumn(column='user_id')
2025-04-07T23:38:05.048+05:00 DEBUG 81289 --- [InventoryManagementV2] [           main] o.h.boot.model.internal.AnnotatedColumn  : Binding column: AnnotatedColumn()
2025-04-07T23:38:05.048+05:00 DEBUG 81289 --- [InventoryManagementV2] [           main] o.h.boot.model.internal.PropertyBinder   : Building property user
2025-04-07T23:38:05.049+05:00 DEBUG 81289 --- [InventoryManagementV2] [           main] o.h.boot.model.internal.EntityBinder     : Binding entity from annotated class: com.example.internshipproject.InventoryManagementV2.entities.Store
2025-04-07T23:38:05.049+05:00 DEBUG 81289 --- [InventoryManagementV2] [           main] o.h.boot.model.internal.EntityBinder     : Import with entity name Store
2025-04-07T23:38:05.049+05:00 DEBUG 81289 --- [InventoryManagementV2] [           main] o.h.boot.model.internal.EntityBinder     : Bind entity com.example.internshipproject.InventoryManagementV2.entities.Store on table stores
2025-04-07T23:38:05.049+05:00 DEBUG 81289 --- [InventoryManagementV2] [           main] o.h.boot.model.internal.AnnotatedColumn  : Binding column: AnnotatedDiscriminatorColumn(column='DTYPE')
2025-04-07T23:38:05.049+05:00 DEBUG 81289 --- [InventoryManagementV2] [           main] o.h.boot.model.internal.AnnotatedColumn  : Binding column: AnnotatedColumn()
2025-04-07T23:38:05.049+05:00 DEBUG 81289 --- [InventoryManagementV2] [           main] o.h.boot.internal.ClassLoaderAccessImpl  : Not known whether passed class name [com.example.internshipproject.InventoryManagementV2.entities.Store] is safe
2025-04-07T23:38:05.049+05:00 DEBUG 81289 --- [InventoryManagementV2] [           main] o.h.boot.internal.ClassLoaderAccessImpl  : No temp ClassLoader provided; using live ClassLoader for loading potentially unsafe class : com.example.internshipproject.InventoryManagementV2.entities.Store
2025-04-07T23:38:05.049+05:00 DEBUG 81289 --- [InventoryManagementV2] [           main] o.h.boot.model.internal.PropertyBinder   : MetadataSourceProcessor property id with lazy=false
2025-04-07T23:38:05.049+05:00 DEBUG 81289 --- [InventoryManagementV2] [           main] o.h.b.m.internal.AbstractPropertyHolder  : Attempting to locate auto-apply AttributeConverter for property [com.example.internshipproject.InventoryManagementV2.entities.Store:id]
2025-04-07T23:38:05.049+05:00 DEBUG 81289 --- [InventoryManagementV2] [           main] o.h.b.model.internal.BasicValueBinder    : building BasicValue for id
2025-04-07T23:38:05.049+05:00 DEBUG 81289 --- [InventoryManagementV2] [           main] org.hibernate.mapping.BasicValue         : Skipping column re-registration: stores.id
2025-04-07T23:38:05.049+05:00 DEBUG 81289 --- [InventoryManagementV2] [           main] o.h.boot.model.internal.PropertyBinder   : Building property id
2025-04-07T23:38:05.050+05:00 DEBUG 81289 --- [InventoryManagementV2] [           main] o.h.boot.model.internal.BinderHelper     : #makeIdGenerator(BasicValue([Column(id)]), id, identity, , ...)
2025-04-07T23:38:05.050+05:00 DEBUG 81289 --- [InventoryManagementV2] [           main] o.h.boot.model.internal.AnnotatedColumn  : Binding column: AnnotatedColumn(column='created_at')
2025-04-07T23:38:05.050+05:00 DEBUG 81289 --- [InventoryManagementV2] [           main] o.h.boot.model.internal.PropertyBinder   : MetadataSourceProcessor property createdAt with lazy=false
2025-04-07T23:38:05.050+05:00 DEBUG 81289 --- [InventoryManagementV2] [           main] o.h.b.m.internal.AbstractPropertyHolder  : Attempting to locate auto-apply AttributeConverter for property [com.example.internshipproject.InventoryManagementV2.entities.Store:createdAt]
2025-04-07T23:38:05.050+05:00 DEBUG 81289 --- [InventoryManagementV2] [           main] o.h.b.model.internal.BasicValueBinder    : building BasicValue for createdAt
2025-04-07T23:38:05.050+05:00 DEBUG 81289 --- [InventoryManagementV2] [           main] org.hibernate.mapping.BasicValue         : Skipping column re-registration: stores.created_at
2025-04-07T23:38:05.050+05:00 DEBUG 81289 --- [InventoryManagementV2] [           main] o.h.boot.model.internal.PropertyBinder   : Building property createdAt
2025-04-07T23:38:05.050+05:00 DEBUG 81289 --- [InventoryManagementV2] [           main] o.h.boot.model.internal.AnnotatedColumn  : Binding column: AnnotatedColumn()
2025-04-07T23:38:05.050+05:00 DEBUG 81289 --- [InventoryManagementV2] [           main] o.h.boot.model.internal.PropertyBinder   : MetadataSourceProcessor property location with lazy=false
2025-04-07T23:38:05.050+05:00 DEBUG 81289 --- [InventoryManagementV2] [           main] o.h.b.m.internal.AbstractPropertyHolder  : Attempting to locate auto-apply AttributeConverter for property [com.example.internshipproject.InventoryManagementV2.entities.Store:location]
2025-04-07T23:38:05.050+05:00 DEBUG 81289 --- [InventoryManagementV2] [           main] o.h.b.model.internal.BasicValueBinder    : building BasicValue for location
2025-04-07T23:38:05.050+05:00 DEBUG 81289 --- [InventoryManagementV2] [           main] org.hibernate.mapping.BasicValue         : Skipping column re-registration: stores.location
2025-04-07T23:38:05.050+05:00 DEBUG 81289 --- [InventoryManagementV2] [           main] o.h.boot.model.internal.PropertyBinder   : Building property location
2025-04-07T23:38:05.050+05:00 DEBUG 81289 --- [InventoryManagementV2] [           main] o.h.boot.model.internal.AnnotatedColumn  : Binding column: AnnotatedColumn()
2025-04-07T23:38:05.050+05:00 DEBUG 81289 --- [InventoryManagementV2] [           main] o.h.boot.model.internal.PropertyBinder   : MetadataSourceProcessor property name with lazy=false
2025-04-07T23:38:05.050+05:00 DEBUG 81289 --- [InventoryManagementV2] [           main] o.h.b.m.internal.AbstractPropertyHolder  : Attempting to locate auto-apply AttributeConverter for property [com.example.internshipproject.InventoryManagementV2.entities.Store:name]
2025-04-07T23:38:05.050+05:00 DEBUG 81289 --- [InventoryManagementV2] [           main] o.h.b.model.internal.BasicValueBinder    : building BasicValue for name
2025-04-07T23:38:05.050+05:00 DEBUG 81289 --- [InventoryManagementV2] [           main] org.hibernate.mapping.BasicValue         : Skipping column re-registration: stores.name
2025-04-07T23:38:05.050+05:00 DEBUG 81289 --- [InventoryManagementV2] [           main] o.h.boot.model.internal.PropertyBinder   : Building property name
2025-04-07T23:38:05.050+05:00 DEBUG 81289 --- [InventoryManagementV2] [           main] o.h.boot.model.internal.EntityBinder     : Binding entity from annotated class: com.example.internshipproject.InventoryManagementV2.entities.UserEntity
2025-04-07T23:38:05.050+05:00 DEBUG 81289 --- [InventoryManagementV2] [           main] o.h.boot.model.internal.EntityBinder     : Import with entity name UserEntity
2025-04-07T23:38:05.050+05:00 DEBUG 81289 --- [InventoryManagementV2] [           main] o.h.boot.model.internal.EntityBinder     : Bind entity com.example.internshipproject.InventoryManagementV2.entities.UserEntity on table users
2025-04-07T23:38:05.051+05:00 DEBUG 81289 --- [InventoryManagementV2] [           main] o.h.boot.model.internal.AnnotatedColumn  : Binding column: AnnotatedDiscriminatorColumn(column='DTYPE')
2025-04-07T23:38:05.051+05:00 DEBUG 81289 --- [InventoryManagementV2] [           main] o.h.boot.model.internal.AnnotatedColumn  : Binding column: AnnotatedColumn()
2025-04-07T23:38:05.051+05:00 DEBUG 81289 --- [InventoryManagementV2] [           main] o.h.boot.internal.ClassLoaderAccessImpl  : Not known whether passed class name [com.example.internshipproject.InventoryManagementV2.entities.UserEntity] is safe
2025-04-07T23:38:05.051+05:00 DEBUG 81289 --- [InventoryManagementV2] [           main] o.h.boot.internal.ClassLoaderAccessImpl  : No temp ClassLoader provided; using live ClassLoader for loading potentially unsafe class : com.example.internshipproject.InventoryManagementV2.entities.UserEntity
2025-04-07T23:38:05.051+05:00 DEBUG 81289 --- [InventoryManagementV2] [           main] o.h.boot.model.internal.PropertyBinder   : MetadataSourceProcessor property id with lazy=false
2025-04-07T23:38:05.051+05:00 DEBUG 81289 --- [InventoryManagementV2] [           main] o.h.b.m.internal.AbstractPropertyHolder  : Attempting to locate auto-apply AttributeConverter for property [com.example.internshipproject.InventoryManagementV2.entities.UserEntity:id]
2025-04-07T23:38:05.051+05:00 DEBUG 81289 --- [InventoryManagementV2] [           main] o.h.b.model.internal.BasicValueBinder    : building BasicValue for id
2025-04-07T23:38:05.051+05:00 DEBUG 81289 --- [InventoryManagementV2] [           main] org.hibernate.mapping.BasicValue         : Skipping column re-registration: users.id
2025-04-07T23:38:05.051+05:00 DEBUG 81289 --- [InventoryManagementV2] [           main] o.h.boot.model.internal.PropertyBinder   : Building property id
2025-04-07T23:38:05.051+05:00 DEBUG 81289 --- [InventoryManagementV2] [           main] o.h.boot.model.internal.BinderHelper     : #makeIdGenerator(BasicValue([Column(id)]), id, identity, , ...)
2025-04-07T23:38:05.051+05:00 DEBUG 81289 --- [InventoryManagementV2] [           main] o.h.boot.model.internal.AnnotatedColumn  : Binding column: AnnotatedColumn(column='created_at')
2025-04-07T23:38:05.051+05:00 DEBUG 81289 --- [InventoryManagementV2] [           main] o.h.boot.model.internal.PropertyBinder   : MetadataSourceProcessor property createdAt with lazy=false
2025-04-07T23:38:05.051+05:00 DEBUG 81289 --- [InventoryManagementV2] [           main] o.h.b.m.internal.AbstractPropertyHolder  : Attempting to locate auto-apply AttributeConverter for property [com.example.internshipproject.InventoryManagementV2.entities.UserEntity:createdAt]
2025-04-07T23:38:05.051+05:00 DEBUG 81289 --- [InventoryManagementV2] [           main] o.h.b.model.internal.BasicValueBinder    : building BasicValue for createdAt
[...]
	at org.springframework.beans.factory.support.AbstractAutowireCapableBeanFactory.doCreateBean(AbstractAutowireCapableBeanFactory.java:600) ~[spring-beans-6.2.5.jar:6.2.5]
	at org.springframework.beans.factory.support.AbstractAutowireCapableBeanFactory.createBean(AbstractAutowireCapableBeanFactory.java:523) ~[spring-beans-6.2.5.jar:6.2.5]
	at org.springframework.beans.factory.support.AbstractBeanFactory.lambda$doGetBean$0(AbstractBeanFactory.java:339) ~[spring-beans-6.2.5.jar:6.2.5]
	at org.springframework.beans.factory.support.DefaultSingletonBeanRegistry.getSingleton(DefaultSingletonBeanRegistry.java:347) ~[spring-beans-6.2.5.jar:6.2.5]
	at org.springframework.beans.factory.support.AbstractBeanFactory.doGetBean(AbstractBeanFactory.java:337) ~[spring-beans-6.2.5.jar:6.2.5]
	at org.springframework.beans.factory.support.AbstractBeanFactory.getBean(AbstractBeanFactory.java:202) ~[spring-beans-6.2.5.jar:6.2.5]
	at org.springframework.beans.factory.support.DefaultListableBeanFactory.instantiateSingleton(DefaultListableBeanFactory.java:1155) ~[spring-beans-6.2.5.jar:6.2.5]
	at org.springframework.beans.factory.support.DefaultListableBeanFactory.preInstantiateSingleton(DefaultListableBeanFactory.java:1121) ~[spring-beans-6.2.5.jar:6.2.5]
	at org.springframework.beans.factory.support.DefaultListableBeanFactory.preInstantiateSingletons(DefaultListableBeanFactory.java:1056) ~[spring-beans-6.2.5.jar:6.2.5]
	at org.springframework.context.support.AbstractApplicationContext.finishBeanFactoryInitialization(AbstractApplicationContext.java:987) ~[spring-context-6.2.5.jar:6.2.5]
	at org.springframework.context.support.AbstractApplicationContext.refresh(AbstractApplicationContext.java:627) ~[spring-context-6.2.5.jar:6.2.5]
	at org.springframework.boot.SpringApplication.refresh(SpringApplication.java:752) ~[spring-boot-3.4.4.jar:3.4.4]
	at org.springframework.boot.SpringApplication.refreshContext(SpringApplication.java:439) ~[spring-boot-3.4.4.jar:3.4.4]
	at org.springframework.boot.SpringApplication.run(SpringApplication.java:318) ~[spring-boot-3.4.4.jar:3.4.4]
	at org.springframework.boot.test.context.SpringBootContextLoader.lambda$loadContext$3(SpringBootContextLoader.java:144) ~[spring-boot-test-3.4.4.jar:3.4.4]
	at org.springframework.util.function.ThrowingSupplier.get(ThrowingSupplier.java:58) ~[spring-core-6.2.5.jar:6.2.5]
	at org.springframework.util.function.ThrowingSupplier.get(ThrowingSupplier.java:46) ~[spring-core-6.2.5.jar:6.2.5]
	at org.springframework.boot.SpringApplication.withHook(SpringApplication.java:1461) ~[spring-boot-3.4.4.jar:3.4.4]
	at org.springframework.boot.test.context.SpringBootContextLoader$ContextLoaderHook.run(SpringBootContextLoader.java:563) ~[spring-boot-test-3.4.4.jar:3.4.4]
	at org.springframework.boot.test.context.SpringBootContextLoader.loadContext(SpringBootContextLoader.java:144) ~[spring-boot-test-3.4.4.jar:3.4.4]
	at org.springframework.boot.test.context.SpringBootContextLoader.loadContext(SpringBootContextLoader.java:110) ~[spring-boot-test-3.4.4.jar:3.4.4]
	at org.springframework.test.context.cache.DefaultCacheAwareContextLoaderDelegate.loadContextInternal(DefaultCacheAwareContextLoaderDelegate.java:225) ~[spring-test-6.2.5.jar:6.2.5]
	at org.springframework.test.context.cache.DefaultCacheAwareContextLoaderDelegate.loadContext(DefaultCacheAwareContextLoaderDelegate.java:152) ~[spring-test-6.2.5.jar:6.2.5]
	at org.springframework.test.context.support.DefaultTestContext.getApplicationContext(DefaultTestContext.java:130) ~[spring-test-6.2.5.jar:6.2.5]
	at org.springframework.test.context.web.ServletTestExecutionListener.setUpRequestContextIfNecessary(ServletTestExecutionListener.java:200) ~[spring-test-6.2.5.jar:6.2.5]
	at org.springframework.test.context.web.ServletTestExecutionListener.prepareTestInstance(ServletTestExecutionListener.java:139) ~[spring-test-6.2.5.jar:6.2.5]
	at org.springframework.test.context.TestContextManager.prepareTestInstance(TestContextManager.java:260) ~[spring-test-6.2.5.jar:6.2.5]
	at org.springframework.test.context.junit.jupiter.SpringExtension.postProcessTestInstance(SpringExtension.java:160) ~[spring-test-6.2.5.jar:6.2.5]
	at org.junit.jupiter.engine.descriptor.ClassBasedTestDescriptor.lambda$invokeTestInstancePostProcessors$11(ClassBasedTestDescriptor.java:378) ~[junit-jupiter-engine-5.11.4.jar:5.11.4]
	at org.junit.jupiter.engine.descriptor.ClassBasedTestDescriptor.executeAndMaskThrowable(ClassBasedTestDescriptor.java:383) ~[junit-jupiter-engine-5.11.4.jar:5.11.4]
	at org.junit.jupiter.engine.descriptor.ClassBasedTestDescriptor.lambda$invokeTestInstancePostProcessors$12(ClassBasedTestDescriptor.java:378) ~[junit-jupiter-engine-5.11.4.jar:5.11.4]
	at java.base/java.util.stream.ForEachOps$ForEachOp$OfRef.accept(ForEachOps.java:183) ~[na:na]
	at java.base/java.util.stream.ReferencePipeline$3$1.accept(ReferencePipeline.java:197) ~[na:na]
	at java.base/java.util.stream.ReferencePipeline$2$1.accept(ReferencePipeline.java:179) ~[na:na]
	at java.base/java.util.stream.ReferencePipeline$3$1.accept(ReferencePipeline.java:197) ~[na:na]
	at java.base/java.util.ArrayList$ArrayListSpliterator.forEachRemaining(ArrayList.java:1625) ~[na:na]
	at java.base/java.util.stream.AbstractPipeline.copyInto(AbstractPipeline.java:509) ~[na:na]
	at java.base/java.util.stream.AbstractPipeline.wrapAndCopyInto(AbstractPipeline.java:499) ~[na:na]
	at java.base/java.util.stream.ForEachOps$ForEachOp.evaluateSequential(ForEachOps.java:150) ~[na:na]
	at java.base/java.util.stream.ForEachOps$ForEachOp$OfRef.evaluateSequential(ForEachOps.java:173) ~[na:na]
	at java.base/java.util.stream.AbstractPipeline.evaluate(AbstractPipeline.java:234) ~[na:na]
	at java.base/java.util.stream.ReferencePipeline.forEach(ReferencePipeline.java:596) ~[na:na]
	at org.junit.jupiter.engine.descriptor.ClassBasedTestDescriptor.invokeTestInstancePostProcessors(ClassBasedTestDescriptor.java:377) ~[junit-jupiter-engine-5.11.4.jar:5.11.4]
	at org.junit.jupiter.engine.descriptor.ClassBasedTestDescriptor.lambda$instantiateAndPostProcessTestInstance$7(ClassBasedTestDescriptor.java:290) ~[junit-jupiter-engine-5.11.4.jar:5.11.4]
	at org.junit.platform.engine.support.hierarchical.ThrowableCollector.execute(ThrowableCollector.java:73) ~[junit-platform-engine-1.11.4.jar:1.11.4]
	at org.junit.jupiter.engine.descriptor.ClassBasedTestDescriptor.instantiateAndPostProcessTestInstance(ClassBasedTestDescriptor.java:289) ~[junit-jupiter-engine-5.11.4.jar:5.11.4]
	at org.junit.jupiter.engine.descriptor.ClassBasedTestDescriptor.lambda$testInstancesProvider$5(ClassBasedTestDescriptor.java:279) ~[junit-jupiter-engine-5.11.4.jar:5.11.4]
	at java.base/java.util.Optional.orElseGet(Optional.java:364) ~[na:na]
	at org.junit.jupiter.engine.descriptor.ClassBasedTestDescriptor.lambda$testInstancesProvider$6(ClassBasedTestDescriptor.java:278) ~[junit-jupiter-engine-5.11.4.jar:5.11.4]
	at org.junit.jupiter.engine.execution.TestInstancesProvider.getTestInstances(TestInstancesProvider.java:31) ~[junit-jupiter-engine-5.11.4.jar:5.11.4]
	at org.junit.jupiter.engine.descriptor.TestMethodTestDescriptor.lambda$prepare$1(TestMethodTestDescriptor.java:105) ~[junit-jupiter-engine-5.11.4.jar:5.11.4]
	at org.junit.platform.engine.support.hierarchical.ThrowableCollector.execute(ThrowableCollector.java:73) ~[junit-platform-engine-1.11.4.jar:1.11.4]
	at org.junit.jupiter.engine.descriptor.TestMethodTestDescriptor.prepare(TestMethodTestDescriptor.java:104) ~[junit-jupiter-engine-5.11.4.jar:5.11.4]
	at org.junit.jupiter.engine.descriptor.TestMethodTestDescriptor.prepare(TestMethodTestDescriptor.java:68) ~[junit-jupiter-engine-5.11.4.jar:5.11.4]
	at org.junit.platform.engine.support.hierarchical.NodeTestTask.lambda$prepare$2(NodeTestTask.java:128) ~[junit-platform-engine-1.11.4.jar:1.11.4]
	at org.junit.platform.engine.support.hierarchical.ThrowableCollector.execute(ThrowableCollector.java:73) ~[junit-platform-engine-1.11.4.jar:1.11.4]
	at org.junit.platform.engine.support.hierarchical.NodeTestTask.prepare(NodeTestTask.java:128) ~[junit-platform-engine-1.11.4.jar:1.11.4]
	at org.junit.platform.engine.support.hierarchical.NodeTestTask.execute(NodeTestTask.java:95) ~[junit-platform-engine-1.11.4.jar:1.11.4]
	at java.base/java.util.ArrayList.forEach(ArrayList.java:1511) ~[na:na]
	at org.junit.platform.engine.support.hierarchical.SameThreadHierarchicalTestExecutorService.invokeAll(SameThreadHierarchicalTestExecutorService.java:41) ~[junit-platform-engine-1.11.4.jar:1.11.4]
	at org.junit.platform.engine.support.hierarchical.NodeTestTask.lambda$executeRecursively$6(NodeTestTask.java:160) ~[junit-platform-engine-1.11.4.jar:1.11.4]
	at org.junit.platform.engine.support.hierarchical.ThrowableCollector.execute(ThrowableCollector.java:73) ~[junit-platform-engine-1.11.4.jar:1.11.4]
	at org.junit.platform.engine.support.hierarchical.NodeTestTask.lambda$executeRecursively$8(NodeTestTask.java:146) ~[junit-platform-engine-1.11.4.jar:1.11.4]
	at org.junit.platform.engine.support.hierarchical.Node.around(Node.java:137) ~[junit-platform-engine-1.11.4.jar:1.11.4]
	at org.junit.platform.engine.support.hierarchical.NodeTestTask.lambda$executeRecursively$9(NodeTestTask.java:144) ~[junit-platform-engine-1.11.4.jar:1.11.4]
	at org.junit.platform.engine.support.hierarchical.ThrowableCollector.execute(ThrowableCollector.java:73) ~[junit-platform-engine-1.11.4.jar:1.11.4]
	at org.junit.platform.engine.support.hierarchical.NodeTestTask.executeRecursively(NodeTestTask.java:143) ~[junit-platform-engine-1.11.4.jar:1.11.4]
	at org.junit.platform.engine.support.hierarchical.NodeTestTask.execute(NodeTestTask.java:100) ~[junit-platform-engine-1.11.4.jar:1.11.4]
	at java.base/java.util.ArrayList.forEach(ArrayList.java:1511) ~[na:na]
	at org.junit.platform.engine.support.hierarchical.SameThreadHierarchicalTestExecutorService.invokeAll(SameThreadHierarchicalTestExecutorService.java:41) ~[junit-platform-engine-1.11.4.jar:1.11.4]
	at org.junit.platform.engine.support.hierarchical.NodeTestTask.lambda$executeRecursively$6(NodeTestTask.java:160) ~[junit-platform-engine-1.11.4.jar:1.11.4]
	at org.junit.platform.engine.support.hierarchical.ThrowableCollector.execute(ThrowableCollector.java:73) ~[junit-platform-engine-1.11.4.jar:1.11.4]
	at org.junit.platform.engine.support.hierarchical.NodeTestTask.lambda$executeRecursively$8(NodeTestTask.java:146) ~[junit-platform-engine-1.11.4.jar:1.11.4]
	at org.junit.platform.engine.support.hierarchical.Node.around(Node.java:137) ~[junit-platform-engine-1.11.4.jar:1.11.4]
	at org.junit.platform.engine.support.hierarchical.NodeTestTask.lambda$executeRecursively$9(NodeTestTask.java:144) ~[junit-platform-engine-1.11.4.jar:1.11.4]
	at org.junit.platform.engine.support.hierarchical.ThrowableCollector.execute(ThrowableCollector.java:73) ~[junit-platform-engine-1.11.4.jar:1.11.4]
	at org.junit.platform.engine.support.hierarchical.NodeTestTask.executeRecursively(NodeTestTask.java:143) ~[junit-platform-engine-1.11.4.jar:1.11.4]
	at org.junit.platform.engine.support.hierarchical.NodeTestTask.execute(NodeTestTask.java:100) ~[junit-platform-engine-1.11.4.jar:1.11.4]
	at org.junit.platform.engine.support.hierarchical.SameThreadHierarchicalTestExecutorService.submit(SameThreadHierarchicalTestExecutorService.java:35) ~[junit-platform-engine-1.11.4.jar:1.11.4]
	at org.junit.platform.engine.support.hierarchical.HierarchicalTestExecutor.execute(HierarchicalTestExecutor.java:57) ~[junit-platform-engine-1.11.4.jar:1.11.4]
	at org.junit.platform.engine.support.hierarchical.HierarchicalTestEngine.execute(HierarchicalTestEngine.java:54) ~[junit-platform-engine-1.11.4.jar:1.11.4]
	at org.junit.platform.launcher.core.EngineExecutionOrchestrator.execute(EngineExecutionOrchestrator.java:198) ~[junit-platform-launcher-1.11.4.jar:1.11.4]
	at org.junit.platform.launcher.core.EngineExecutionOrchestrator.execute(EngineExecutionOrchestrator.java:169) ~[junit-platform-launcher-1.11.4.jar:1.11.4]
	at org.junit.platform.launcher.core.EngineExecutionOrchestrator.execute(EngineExecutionOrchestrator.java:93) ~[junit-platform-launcher-1.11.4.jar:1.11.4]
	at org.junit.platform.launcher.core.EngineExecutionOrchestrator.lambda$execute$0(EngineExecutionOrchestrator.java:58) ~[junit-platform-launcher-1.11.4.jar:1.11.4]
	at org.junit.platform.launcher.core.EngineExecutionOrchestrator.withInterceptedStreams(EngineExecutionOrchestrator.java:141) ~[junit-platform-launcher-1.11.4.jar:1.11.4]
	at org.junit.platform.launcher.core.EngineExecutionOrchestrator.execute(EngineExecutionOrchestrator.java:57) ~[junit-platform-launcher-1.11.4.jar:1.11.4]
	at org.junit.platform.launcher.core.DefaultLauncher.execute(DefaultLauncher.java:103) ~[junit-platform-launcher-1.11.4.jar:1.11.4]
	at org.junit.platform.launcher.core.DefaultLauncher.execute(DefaultLauncher.java:85) ~[junit-platform-launcher-1.11.4.jar:1.11.4]
	at org.junit.platform.launcher.core.DelegatingLauncher.execute(DelegatingLauncher.java:47) ~[junit-platform-launcher-1.11.4.jar:1.11.4]
	at org.apache.maven.surefire.junitplatform.LazyLauncher.execute(LazyLauncher.java:56) ~[surefire-junit-platform-3.5.2.jar:3.5.2]
	at org.apache.maven.surefire.junitplatform.JUnitPlatformProvider.execute(JUnitPlatformProvider.java:184) ~[surefire-junit-platform-3.5.2.jar:3.5.2]
	at org.apache.maven.surefire.junitplatform.JUnitPlatformProvider.invokeAllTests(JUnitPlatformProvider.java:148) ~[surefire-junit-platform-3.5.2.jar:3.5.2]
	at org.apache.maven.surefire.junitplatform.JUnitPlatformProvider.invoke(JUnitPlatformProvider.java:122) ~[surefire-junit-platform-3.5.2.jar:3.5.2]
	at org.apache.maven.surefire.booter.ForkedBooter.runSuitesInProcess(ForkedBooter.java:385) ~[surefire-booter-3.5.2.jar:3.5.2]
	at org.apache.maven.surefire.booter.ForkedBooter.execute(ForkedBooter.java:162) ~[surefire-booter-3.5.2.jar:3.5.2]
	at org.apache.maven.surefire.booter.ForkedBooter.run(ForkedBooter.java:507) ~[surefire-booter-3.5.2.jar:3.5.2]
	at org.apache.maven.surefire.booter.ForkedBooter.main(ForkedBooter.java:495) ~[surefire-booter-3.5.2.jar:3.5.2]

2025-04-07T23:38:08.075+05:00 DEBUG 81289 --- [InventoryManagementV2] [           main] tor$SharedEntityManagerInvocationHandler : Creating new EntityManager for shared EntityManager invocation
2025-04-07T23:38:08.161+05:00  INFO 81289 --- [InventoryManagementV2] [           main] r$InitializeUserDetailsManagerConfigurer : Global AuthenticationManager configured with UserDetailsService bean with name userDetailServiceImpl
Redis Cache Manager Initialized: org.springframework.data.redis.cache.RedisCacheManager@4a5d8ae4
2025-04-07T23:38:09.222+05:00  INFO 81289 --- [InventoryManagementV2] [           main] o.s.a.r.c.CachingConnectionFactory       : Attempting to connect to: [localhost:15672]
2025-04-07T23:38:14.246+05:00  WARN 81289 --- [InventoryManagementV2] [127.0.0.1:15672] c.r.c.impl.ForgivingExceptionHandler     : An unexpected connection driver error occurred (Exception message: Socket closed)
2025-04-07T23:38:14.251+05:00  INFO 81289 --- [InventoryManagementV2] [           main] o.s.a.r.l.SimpleMessageListenerContainer : Broker not available; cannot force queue declarations during start: java.net.ConnectException: Connection refused
2025-04-07T23:38:14.264+05:00  INFO 81289 --- [InventoryManagementV2] [ntContainer#0-1] o.s.a.r.c.CachingConnectionFactory       : Attempting to connect to: [localhost:15672]
2025-04-07T23:38:19.271+05:00  WARN 81289 --- [InventoryManagementV2] [127.0.0.1:15672] c.r.c.impl.ForgivingExceptionHandler     : An unexpected connection driver error occurred (Exception message: Socket closed)
2025-04-07T23:38:19.275+05:00 ERROR 81289 --- [InventoryManagementV2] [ntContainer#0-1] o.s.a.r.l.SimpleMessageListenerContainer : Failed to check/redeclare auto-delete queue(s).

org.springframework.amqp.AmqpConnectException: java.net.ConnectException: Connection refused
	at org.springframework.amqp.rabbit.support.RabbitExceptionTranslator.convertRabbitAccessException(RabbitExceptionTranslator.java:61) ~[spring-rabbit-3.2.4.jar:3.2.4]
	at org.springframework.amqp.rabbit.connection.AbstractConnectionFactory.createBareConnection(AbstractConnectionFactory.java:632) ~[spring-rabbit-3.2.4.jar:3.2.4]
	at org.springframework.amqp.rabbit.connection.CachingConnectionFactory.createConnection(CachingConnectionFactory.java:726) ~[spring-rabbit-3.2.4.jar:3.2.4]
	at org.springframework.amqp.rabbit.connection.ConnectionFactoryUtils.createConnection(ConnectionFactoryUtils.java:257) ~[spring-rabbit-3.2.4.jar:3.2.4]
	at org.springframework.amqp.rabbit.core.RabbitTemplate.doExecute(RabbitTemplate.java:2262) ~[spring-rabbit-3.2.4.jar:3.2.4]
	at org.springframework.amqp.rabbit.core.RabbitTemplate.execute(RabbitTemplate.java:2235) ~[spring-rabbit-3.2.4.jar:3.2.4]
	at org.springframework.amqp.rabbit.core.RabbitTemplate.execute(RabbitTemplate.java:2215) ~[spring-rabbit-3.2.4.jar:3.2.4]
	at org.springframework.amqp.rabbit.core.RabbitAdmin.getQueueInfo(RabbitAdmin.java:467) ~[spring-rabbit-3.2.4.jar:3.2.4]
	at org.springframework.amqp.rabbit.core.RabbitAdmin.getQueueProperties(RabbitAdmin.java:451) ~[spring-rabbit-3.2.4.jar:3.2.4]
	at org.springframework.amqp.rabbit.listener.AbstractMessageListenerContainer.attemptDeclarations(AbstractMessageListenerContainer.java:1972) ~[spring-rabbit-3.2.4.jar:3.2.4]
	at org.springframework.amqp.rabbit.listener.AbstractMessageListenerContainer.redeclareElementsIfNecessary(AbstractMessageListenerContainer.java:1936) ~[spring-rabbit-3.2.4.jar:3.2.4]
	at org.springframework.amqp.rabbit.listener.SimpleMessageListenerContainer$AsyncMessageProcessingConsumer.initialize(SimpleMessageListenerContainer.java:1481) ~[spring-rabbit-3.2.4.jar:3.2.4]
	at org.springframework.amqp.rabbit.listener.SimpleMessageListenerContainer$AsyncMessageProcessingConsumer.run(SimpleMessageListenerContainer.java:1322) ~[spring-rabbit-3.2.4.jar:3.2.4]
	at java.base/java.lang.Thread.run(Thread.java:840) ~[na:na]
Caused by: java.net.ConnectException: Connection refused
	at java.base/sun.nio.ch.Net.pollConnect(Native Method) ~[na:na]
	at java.base/sun.nio.ch.Net.pollConnectNow(Net.java:672) ~[na:na]
	at java.base/sun.nio.ch.NioSocketImpl.timedFinishConnect(NioSocketImpl.java:547) ~[na:na]
	at java.base/sun.nio.ch.NioSocketImpl.connect(NioSocketImpl.java:602) ~[na:na]
	at java.base/java.net.SocksSocketImpl.connect(SocksSocketImpl.java:327) ~[na:na]
	at java.base/java.net.Socket.connect(Socket.java:633) ~[na:na]
	at com.rabbitmq.client.impl.SocketFrameHandlerFactory.create(SocketFrameHandlerFactory.java:61) ~[amqp-client-5.22.0.jar:5.22.0]
	at com.rabbitmq.client.ConnectionFactory.newConnection(ConnectionFactory.java:1249) ~[amqp-client-5.22.0.jar:5.22.0]
	at com.rabbitmq.client.ConnectionFactory.newConnection(ConnectionFactory.java:1198) ~[amqp-client-5.22.0.jar:5.22.0]
	at org.springframework.amqp.rabbit.connection.AbstractConnectionFactory.connectAddresses(AbstractConnectionFactory.java:678) ~[spring-rabbit-3.2.4.jar:3.2.4]
	at org.springframework.amqp.rabbit.connection.AbstractConnectionFactory.connect(AbstractConnectionFactory.java:647) ~[spring-rabbit-3.2.4.jar:3.2.4]
	at org.springframework.amqp.rabbit.connection.AbstractConnectionFactory.createBareConnection(AbstractConnectionFactory.java:593) ~[spring-rabbit-3.2.4.jar:3.2.4]
	... 12 common frames omitted

2025-04-07T23:38:19.279+05:00  INFO 81289 --- [InventoryManagementV2] [ntContainer#0-1] o.s.a.r.c.CachingConnectionFactory       : Attempting to connect to: [localhost:15672]
2025-04-07T23:38:24.286+05:00  WARN 81289 --- [InventoryManagementV2] [127.0.0.1:15672] c.r.c.impl.ForgivingExceptionHandler     : An unexpected connection driver error occurred (Exception message: Socket closed)
2025-04-07T23:38:24.321+05:00  INFO 81289 --- [InventoryManagementV2] [           main] .I.InventoryManagementV2ApplicationTests : Started InventoryManagementV2ApplicationTests in 21.226 seconds (process running for 21.763)
]]></system-out>
  </testcase>
</testsuite>